   1              		.cpu arm7tdmi
   2              		.fpu softvfp
   3              		.eabi_attribute 20, 1
   4              		.eabi_attribute 21, 1
   5              		.eabi_attribute 23, 3
   6              		.eabi_attribute 24, 1
   7              		.eabi_attribute 25, 1
   8              		.eabi_attribute 26, 1
   9              		.eabi_attribute 30, 6
  10              		.eabi_attribute 18, 4
  11              		.file	"button.c"
  21              	.Ltext0:
  22              		.file 1 "../button.c"
 3050              		.align	2
 3053              	symbol:
 3054 0000 00000000 		.space	4
 3055              		.text
 3056              		.align	2
 3057              		.global	button_init
 3059              	button_init:
 3060              	.LFB0:
   1:../button.c   **** /*--- ficheros de cabecera ---*/
   2:../button.c   **** #include "44blib.h"
   3:../button.c   **** #include "44b.h"
   4:../button.c   **** #include "def.h"
   5:../button.c   **** #include "stdbool.h"
   6:../button.c   **** #include <stdio.h>
   7:../button.c   **** #include <stdlib.h>
   8:../button.c   **** 
   9:../button.c   **** /*--- variables globales ---*/
  10:../button.c   **** int symbol = 0;
  11:../button.c   **** 
  12:../button.c   **** /*--- declaracion de funciones ---*/
  13:../button.c   **** void Eint4567_ISR(void) __attribute__ ((interrupt ("IRQ")));
  14:../button.c   **** void Eint4567_init(void);
  15:../button.c   **** bool pressButton1_check();
  16:../button.c   **** bool pressButton2_check();
  17:../button.c   **** bool pressAnyButton_check();
  18:../button.c   **** 
  19:../button.c   **** /*--- funciones externas ---*/
  20:../button.c   **** extern void leds_switch ();
  21:../button.c   **** extern void D8Led_symbol(int value);
  22:../button.c   **** //extern void D8Led_Symbol(int value);
  23:../button.c   **** 
  24:../button.c   **** 
  25:../button.c   **** /*--- codigo de funciones ---*/
  26:../button.c   **** void button_init(){
 3061              		.loc 1 26 0
 3062              		.cfi_startproc
 3063              		@ Function supports interworking.
 3064              		@ args = 0, pretend = 0, frame = 0
 3065              		@ frame_needed = 1, uses_anonymous_args = 0
 3066              		@ link register save eliminated.
 3067 0000 04B02DE5 		str	fp, [sp, #-4]!
 3068              	.LCFI0:
 3069              		.cfi_def_cfa_offset 4
 3070 0004 00B08DE2 		add	fp, sp, #0
 3071              		.cfi_offset 11, -4
 3072              	.LCFI1:
 3073              		.cfi_def_cfa_register 11
  27:../button.c   **** 	rPCONG = rPCONG & 0x0;
 3074              		.loc 1 27 0
 3075 0008 18309FE5 		ldr	r3, .L2
 3076 000c 003093E5 		ldr	r3, [r3, #0]
 3077 0010 10309FE5 		ldr	r3, .L2
 3078 0014 0020A0E3 		mov	r2, #0
 3079 0018 002083E5 		str	r2, [r3, #0]
  28:../button.c   **** 	return;
  29:../button.c   **** }
 3080              		.loc 1 29 0
 3081 001c 00D08BE2 		add	sp, fp, #0
 3082 0020 04B09DE4 		ldmfd	sp!, {fp}
 3083 0024 1EFF2FE1 		bx	lr
 3084              	.L3:
 3085              		.align	2
 3086              	.L2:
 3087 0028 4000D201 		.word	30539840
 3088              		.cfi_endproc
 3089              	.LFE0:
 3091              		.align	2
 3092              		.global	pressButton1_check
 3094              	pressButton1_check:
 3095              	.LFB1:
  30:../button.c   **** 
  31:../button.c   **** bool pressButton1_check(){
 3096              		.loc 1 31 0
 3097              		.cfi_startproc
 3098              		@ Function supports interworking.
 3099              		@ args = 0, pretend = 0, frame = 8
 3100              		@ frame_needed = 1, uses_anonymous_args = 0
 3101              		@ link register save eliminated.
 3102 002c 04B02DE5 		str	fp, [sp, #-4]!
 3103              	.LCFI2:
 3104              		.cfi_def_cfa_offset 4
 3105 0030 00B08DE2 		add	fp, sp, #0
 3106              		.cfi_offset 11, -4
 3107              	.LCFI3:
 3108              		.cfi_def_cfa_register 11
 3109 0034 0CD04DE2 		sub	sp, sp, #12
  32:../button.c   **** 	int aux = rPDATG & 0b00000000000000000000000001000000;
 3110              		.loc 1 32 0
 3111 0038 2C309FE5 		ldr	r3, .L5
 3112 003c 003093E5 		ldr	r3, [r3, #0]
 3113 0040 403003E2 		and	r3, r3, #64
 3114 0044 08300BE5 		str	r3, [fp, #-8]
  33:../button.c   **** 	return (aux==0);
 3115              		.loc 1 33 0
 3116 0048 08301BE5 		ldr	r3, [fp, #-8]
 3117 004c 000053E3 		cmp	r3, #0
 3118 0050 0030A013 		movne	r3, #0
 3119 0054 0130A003 		moveq	r3, #1
 3120 0058 FF3003E2 		and	r3, r3, #255
  34:../button.c   **** }
 3121              		.loc 1 34 0
 3122 005c 0300A0E1 		mov	r0, r3
 3123 0060 00D08BE2 		add	sp, fp, #0
 3124 0064 04B09DE4 		ldmfd	sp!, {fp}
 3125 0068 1EFF2FE1 		bx	lr
 3126              	.L6:
 3127              		.align	2
 3128              	.L5:
 3129 006c 4400D201 		.word	30539844
 3130              		.cfi_endproc
 3131              	.LFE1:
 3133              		.align	2
 3134              		.global	pressButton2_check
 3136              	pressButton2_check:
 3137              	.LFB2:
  35:../button.c   **** 
  36:../button.c   **** bool pressButton2_check(){
 3138              		.loc 1 36 0
 3139              		.cfi_startproc
 3140              		@ Function supports interworking.
 3141              		@ args = 0, pretend = 0, frame = 8
 3142              		@ frame_needed = 1, uses_anonymous_args = 0
 3143              		@ link register save eliminated.
 3144 0070 04B02DE5 		str	fp, [sp, #-4]!
 3145              	.LCFI4:
 3146              		.cfi_def_cfa_offset 4
 3147 0074 00B08DE2 		add	fp, sp, #0
 3148              		.cfi_offset 11, -4
 3149              	.LCFI5:
 3150              		.cfi_def_cfa_register 11
 3151 0078 0CD04DE2 		sub	sp, sp, #12
  37:../button.c   **** 	int aux = rPDATG & 0b00000000000000000000000010000000;
 3152              		.loc 1 37 0
 3153 007c 2C309FE5 		ldr	r3, .L8
 3154 0080 003093E5 		ldr	r3, [r3, #0]
 3155 0084 803003E2 		and	r3, r3, #128
 3156 0088 08300BE5 		str	r3, [fp, #-8]
  38:../button.c   **** 	return (aux==0);
 3157              		.loc 1 38 0
 3158 008c 08301BE5 		ldr	r3, [fp, #-8]
 3159 0090 000053E3 		cmp	r3, #0
 3160 0094 0030A013 		movne	r3, #0
 3161 0098 0130A003 		moveq	r3, #1
 3162 009c FF3003E2 		and	r3, r3, #255
  39:../button.c   **** }
 3163              		.loc 1 39 0
 3164 00a0 0300A0E1 		mov	r0, r3
 3165 00a4 00D08BE2 		add	sp, fp, #0
 3166 00a8 04B09DE4 		ldmfd	sp!, {fp}
 3167 00ac 1EFF2FE1 		bx	lr
 3168              	.L9:
 3169              		.align	2
 3170              	.L8:
 3171 00b0 4400D201 		.word	30539844
 3172              		.cfi_endproc
 3173              	.LFE2:
 3175              		.align	2
 3176              		.global	pressAnyButton_check
 3178              	pressAnyButton_check:
 3179              	.LFB3:
  40:../button.c   **** 
  41:../button.c   **** bool pressAnyButton_check(){
 3180              		.loc 1 41 0
 3181              		.cfi_startproc
 3182              		@ Function supports interworking.
 3183              		@ args = 0, pretend = 0, frame = 0
 3184              		@ frame_needed = 1, uses_anonymous_args = 0
 3185 00b4 00482DE9 		stmfd	sp!, {fp, lr}
 3186              	.LCFI6:
 3187              		.cfi_def_cfa_offset 8
 3188 00b8 04B08DE2 		add	fp, sp, #4
 3189              		.cfi_offset 14, -4
 3190              		.cfi_offset 11, -8
 3191              	.LCFI7:
 3192              		.cfi_def_cfa 11, 4
  42:../button.c   **** 	if(pressButton1_check() || pressButton2_check()){
 3193              		.loc 1 42 0
 3194 00bc FEFFFFEB 		bl	pressButton1_check
 3195 00c0 0030A0E1 		mov	r3, r0
 3196 00c4 000053E3 		cmp	r3, #0
 3197 00c8 0300001A 		bne	.L11
 3198              		.loc 1 42 0 is_stmt 0 discriminator 1
 3199 00cc FEFFFFEB 		bl	pressButton2_check
 3200 00d0 0030A0E1 		mov	r3, r0
 3201 00d4 000053E3 		cmp	r3, #0
 3202 00d8 0100000A 		beq	.L12
 3203              	.L11:
  43:../button.c   **** 		return true;
 3204              		.loc 1 43 0 is_stmt 1
 3205 00dc 0130A0E3 		mov	r3, #1
 3206 00e0 000000EA 		b	.L13
 3207              	.L12:
  44:../button.c   **** 	}else{
  45:../button.c   **** 		return false;
 3208              		.loc 1 45 0
 3209 00e4 0030A0E3 		mov	r3, #0
 3210              	.L13:
  46:../button.c   **** 	}
  47:../button.c   **** }
 3211              		.loc 1 47 0
 3212 00e8 0300A0E1 		mov	r0, r3
 3213 00ec 04D04BE2 		sub	sp, fp, #4
 3214 00f0 0048BDE8 		ldmfd	sp!, {fp, lr}
 3215 00f4 1EFF2FE1 		bx	lr
 3216              		.cfi_endproc
 3217              	.LFE3:
 3219              		.align	2
 3220              		.global	Eint4567_init
 3222              	Eint4567_init:
 3223              	.LFB4:
  48:../button.c   **** 
  49:../button.c   **** 
  50:../button.c   **** void Eint4567_init(void){
 3224              		.loc 1 50 0
 3225              		.cfi_startproc
 3226              		@ Function supports interworking.
 3227              		@ args = 0, pretend = 0, frame = 0
 3228              		@ frame_needed = 1, uses_anonymous_args = 0
 3229              		@ link register save eliminated.
 3230 00f8 04B02DE5 		str	fp, [sp, #-4]!
 3231              	.LCFI8:
 3232              		.cfi_def_cfa_offset 4
 3233 00fc 00B08DE2 		add	fp, sp, #0
 3234              		.cfi_offset 11, -4
 3235              	.LCFI9:
 3236              		.cfi_def_cfa_register 11
  51:../button.c   **** 	//Configuracion controlador de interrupciones externas
  52:../button.c   **** 	rEXTINTPND = ~(rEXTINTPND & 0x0); 			// Indicamos que todas las interrupciones externas han sido a
 3237              		.loc 1 52 0
 3238 0100 C4309FE5 		ldr	r3, .L15
 3239 0104 003093E5 		ldr	r3, [r3, #0]
 3240 0108 BC309FE5 		ldr	r3, .L15
 3241 010c 0020E0E3 		mvn	r2, #0
 3242 0110 002083E5 		str	r2, [r3, #0]
  53:../button.c   **** 
  54:../button.c   **** 	//Configuracion controlador de interrupciones internas
  55:../button.c   **** 	rINTCON = 0x1;								// Configuramos los bits de control de las interrupciones internas	 	Habilit
 3243              		.loc 1 55 0
 3244 0114 1E36A0E3 		mov	r3, #31457280
 3245 0118 0120A0E3 		mov	r2, #1
 3246 011c 002083E5 		str	r2, [r3, #0]
  56:../button.c   **** 	rINTMOD = rINTMOD & ~(0x11111<<21); 		// Configuramos el tipo de interrupciones	 							Configura 
 3247              		.loc 1 56 0
 3248 0120 A8209FE5 		ldr	r2, .L15+4
 3249 0124 A4309FE5 		ldr	r3, .L15+4
 3250 0128 003093E5 		ldr	r3, [r3, #0]
 3251 012c 2234C3E3 		bic	r3, r3, #570425344
 3252 0130 0236C3E3 		bic	r3, r3, #2097152
 3253 0134 003082E5 		str	r3, [r2, #0]
  57:../button.c   **** 	rI_ISPC = ~(rI_ISPC & 0x0);					// Indicamos que todas las interrupciones internas han sido atendi
 3254              		.loc 1 57 0
 3255 0138 94309FE5 		ldr	r3, .L15+8
 3256 013c 003093E5 		ldr	r3, [r3, #0]
 3257 0140 8C309FE5 		ldr	r3, .L15+8
 3258 0144 0020E0E3 		mvn	r2, #0
 3259 0148 002083E5 		str	r2, [r3, #0]
  58:../button.c   **** 	rINTMSK = ~(0x1<<21);						// Habilitamos las interrupciones de las líneas que vamos a utilizar	En
 3260              		.loc 1 58 0
 3261 014c 84309FE5 		ldr	r3, .L15+12
 3262 0150 0226E0E3 		mvn	r2, #2097152
 3263 0154 002083E5 		str	r2, [r3, #0]
  59:../button.c   **** 
  60:../button.c   **** 	//Establecer rutinas para las interrupciones
  61:../button.c   **** 	pISR_EINT4567 = (unsigned) *Eint4567_ISR;	// Establecer la rutina de servicio para Eint4567
 3264              		.loc 1 61 0
 3265 0158 7C309FE5 		ldr	r3, .L15+16
 3266 015c 7C209FE5 		ldr	r2, .L15+20
 3267 0160 002083E5 		str	r2, [r3, #0]
  62:../button.c   **** 
  63:../button.c   **** 	//Configuracion del puerto G
  64:../button.c   **** 	rPCONG = ~(rPCONG & 0x0); 					// Establece la funcion de los pines (EINT7-EINT0)
 3268              		.loc 1 64 0
 3269 0164 78309FE5 		ldr	r3, .L15+24
 3270 0168 003093E5 		ldr	r3, [r3, #0]
 3271 016c 70309FE5 		ldr	r3, .L15+24
 3272 0170 0020E0E3 		mvn	r2, #0
 3273 0174 002083E5 		str	r2, [r3, #0]
  65:../button.c   **** 	rPUPG = rPUPG & 0x0;						// Habilita las resistencias de pull-up
 3274              		.loc 1 65 0
 3275 0178 68309FE5 		ldr	r3, .L15+28
 3276 017c 003093E5 		ldr	r3, [r3, #0]
 3277 0180 60309FE5 		ldr	r3, .L15+28
 3278 0184 0020A0E3 		mov	r2, #0
 3279 0188 002083E5 		str	r2, [r3, #0]
  66:../button.c   **** 	rEXTINT = 0x22222222;						// Configura las lineas de int. como de flanco de bajada mediante EXTIN
 3280              		.loc 1 66 0
 3281 018c 58309FE5 		ldr	r3, .L15+32
 3282 0190 58209FE5 		ldr	r2, .L15+36
 3283 0194 002083E5 		str	r2, [r3, #0]
  67:../button.c   **** 
  68:../button.c   **** 	//Por precaucion, se vuelven a borrar los bits de INTPND y EXTINTPND */
  69:../button.c   **** 	rEXTINTPND = ~(rEXTINTPND & 0x0);
 3284              		.loc 1 69 0
 3285 0198 2C309FE5 		ldr	r3, .L15
 3286 019c 003093E5 		ldr	r3, [r3, #0]
 3287 01a0 24309FE5 		ldr	r3, .L15
 3288 01a4 0020E0E3 		mvn	r2, #0
 3289 01a8 002083E5 		str	r2, [r3, #0]
  70:../button.c   **** 	rI_ISPC = ~(rI_ISPC & 0x0);
 3290              		.loc 1 70 0
 3291 01ac 20309FE5 		ldr	r3, .L15+8
 3292 01b0 003093E5 		ldr	r3, [r3, #0]
 3293 01b4 18309FE5 		ldr	r3, .L15+8
 3294 01b8 0020E0E3 		mvn	r2, #0
 3295 01bc 002083E5 		str	r2, [r3, #0]
  71:../button.c   **** 
  72:../button.c   **** 	return;
  73:../button.c   **** }
 3296              		.loc 1 73 0
 3297 01c0 00D08BE2 		add	sp, fp, #0
 3298 01c4 04B09DE4 		ldmfd	sp!, {fp}
 3299 01c8 1EFF2FE1 		bx	lr
 3300              	.L16:
 3301              		.align	2
 3302              	.L15:
 3303 01cc 5400D201 		.word	30539860
 3304 01d0 0800E001 		.word	31457288
 3305 01d4 2400E001 		.word	31457316
 3306 01d8 0C00E001 		.word	31457292
 3307 01dc 74FF7F0C 		.word	209715060
 3308 01e0 00000000 		.word	Eint4567_ISR
 3309 01e4 4000D201 		.word	30539840
 3310 01e8 4800D201 		.word	30539848
 3311 01ec 5000D201 		.word	30539856
 3312 01f0 22222222 		.word	572662306
 3313              		.cfi_endproc
 3314              	.LFE4:
 3316              		.align	2
 3317              		.global	Eint4567_ISR
 3319              	Eint4567_ISR:
 3320              	.LFB5:
  74:../button.c   **** 
  75:../button.c   **** /*COMENTAR PARA LA PARTE DEL 8-SEGMENTOS DESCOMENTAR PARA LA PRIMERA PARTE CON INTERRUPCIONES*/
  76:../button.c   **** void Eint4567_ISR(void){
 3321              		.loc 1 76 0
 3322              		.cfi_startproc
 3323              		@ Interrupt Service Routine.
 3324              		@ args = 0, pretend = 0, frame = 0
 3325              		@ frame_needed = 1, uses_anonymous_args = 0
 3326 01f4 04E04EE2 		sub	lr, lr, #4
 3327 01f8 1F582DE9 		stmfd	sp!, {r0, r1, r2, r3, r4, fp, ip, lr}
 3328              	.LCFI10:
 3329              		.cfi_def_cfa_offset 32
 3330 01fc 1CB08DE2 		add	fp, sp, #28
 3331              		.cfi_offset 14, -4
 3332              		.cfi_offset 12, -8
 3333              		.cfi_offset 11, -12
 3334              		.cfi_offset 4, -16
 3335              		.cfi_offset 3, -20
 3336              		.cfi_offset 2, -24
 3337              		.cfi_offset 1, -28
 3338              		.cfi_offset 0, -32
 3339              	.LCFI11:
 3340              		.cfi_def_cfa 11, 4
  77:../button.c   **** 	leds_switch();
 3341              		.loc 1 77 0
 3342 0200 FEFFFFEB 		bl	leds_switch
  78:../button.c   **** 	DelayMs(100);
 3343              		.loc 1 78 0
 3344 0204 6400A0E3 		mov	r0, #100
 3345 0208 FEFFFFEB 		bl	DelayMs
  79:../button.c   **** 	
  80:../button.c   **** 	/*Atendemos interrupciones*/
  81:../button.c   **** 	rEXTINTPND = ~(rEXTINTPND & 0x0);		//Borramos EXTINTPND ambas líneas EINT7 y EINT6
 3346              		.loc 1 81 0
 3347 020c 28309FE5 		ldr	r3, .L18
 3348 0210 003093E5 		ldr	r3, [r3, #0]
 3349 0214 20309FE5 		ldr	r3, .L18
 3350 0218 0020E0E3 		mvn	r2, #0
 3351 021c 002083E5 		str	r2, [r3, #0]
  82:../button.c   **** 	rI_ISPC = ~(rI_ISPC & 0x0);				//Borramos INTPND usando ISPC
 3352              		.loc 1 82 0
 3353 0220 18309FE5 		ldr	r3, .L18+4
 3354 0224 003093E5 		ldr	r3, [r3, #0]
 3355 0228 10309FE5 		ldr	r3, .L18+4
 3356 022c 0020E0E3 		mvn	r2, #0
 3357 0230 002083E5 		str	r2, [r3, #0]
  83:../button.c   **** }
 3358              		.loc 1 83 0
 3359 0234 1CD04BE2 		sub	sp, fp, #28
 3360 0238 1F98FDE8 		ldmfd	sp!, {r0, r1, r2, r3, r4, fp, ip, pc}^
 3361              	.L19:
 3362              		.align	2
 3363              	.L18:
 3364 023c 5400D201 		.word	30539860
 3365 0240 2400E001 		.word	31457316
 3366              		.cfi_endproc
 3367              	.LFE5:
 3369              	.Letext0:
DEFINED SYMBOLS
                            *ABS*:00000000 button.c
C:\Users\mario\AppData\Local\Temp\ccMhab2u.s:3053   .bss:00000000 symbol
C:\Users\mario\AppData\Local\Temp\ccMhab2u.s:3050   .bss:00000000 $d
C:\Users\mario\AppData\Local\Temp\ccMhab2u.s:3056   .text:00000000 $a
C:\Users\mario\AppData\Local\Temp\ccMhab2u.s:3059   .text:00000000 button_init
C:\Users\mario\AppData\Local\Temp\ccMhab2u.s:3087   .text:00000028 $d
C:\Users\mario\AppData\Local\Temp\ccMhab2u.s:3091   .text:0000002c $a
C:\Users\mario\AppData\Local\Temp\ccMhab2u.s:3094   .text:0000002c pressButton1_check
C:\Users\mario\AppData\Local\Temp\ccMhab2u.s:3129   .text:0000006c $d
C:\Users\mario\AppData\Local\Temp\ccMhab2u.s:3133   .text:00000070 $a
C:\Users\mario\AppData\Local\Temp\ccMhab2u.s:3136   .text:00000070 pressButton2_check
C:\Users\mario\AppData\Local\Temp\ccMhab2u.s:3171   .text:000000b0 $d
C:\Users\mario\AppData\Local\Temp\ccMhab2u.s:3175   .text:000000b4 $a
C:\Users\mario\AppData\Local\Temp\ccMhab2u.s:3178   .text:000000b4 pressAnyButton_check
C:\Users\mario\AppData\Local\Temp\ccMhab2u.s:3222   .text:000000f8 Eint4567_init
C:\Users\mario\AppData\Local\Temp\ccMhab2u.s:3303   .text:000001cc $d
C:\Users\mario\AppData\Local\Temp\ccMhab2u.s:3319   .text:000001f4 Eint4567_ISR
C:\Users\mario\AppData\Local\Temp\ccMhab2u.s:3316   .text:000001f4 $a
C:\Users\mario\AppData\Local\Temp\ccMhab2u.s:3364   .text:0000023c $d
                     .debug_frame:00000010 $d

UNDEFINED SYMBOLS
leds_switch
DelayMs
