   1              		.cpu arm7tdmi
   2              		.fpu softvfp
   3              		.eabi_attribute 20, 1
   4              		.eabi_attribute 21, 1
   5              		.eabi_attribute 23, 3
   6              		.eabi_attribute 24, 1
   7              		.eabi_attribute 25, 1
   8              		.eabi_attribute 26, 1
   9              		.eabi_attribute 30, 6
  10              		.eabi_attribute 18, 4
  11              		.file	"8led.c"
  21              	.Ltext0:
  22              		.file 1 "../8led.c"
 1961              		.align	2
 1964              	Symbol:
 1965 0000 12000000 		.word	18
 1966 0004 9F000000 		.word	159
 1967 0008 31000000 		.word	49
 1968 000c 15000000 		.word	21
 1969 0010 9C000000 		.word	156
 1970 0014 54000000 		.word	84
 1971 0018 50000000 		.word	80
 1972 001c 1F000000 		.word	31
 1973 0020 10000000 		.word	16
 1974 0024 1C000000 		.word	28
 1975 0028 18000000 		.word	24
 1976 002c D0000000 		.word	208
 1977 0030 72000000 		.word	114
 1978 0034 91000000 		.word	145
 1979 0038 70000000 		.word	112
 1980 003c 78000000 		.word	120
 1981              		.text
 1982              		.align	2
 1983              		.global	D8Led_init
 1985              	D8Led_init:
 1986              	.LFB0:
   1:../8led.c     **** /*--- ficheros de cabecera ---*/
   2:../8led.c     **** #include "44b.h"
   3:../8led.c     **** #include "44blib.h"
   4:../8led.c     **** /*--- definicion de macros ---*/
   5:../8led.c     **** /* Mapa de bits de cada segmento
   6:../8led.c     **** (valor que se debe escribir para que se ilumine el segmento) */
   7:../8led.c     **** #define SEGMENT_A 0x7F
   8:../8led.c     **** #define SEGMENT_B 0xBF
   9:../8led.c     **** #define SEGMENT_C 0xDF 
  10:../8led.c     **** #define SEGMENT_D 0xF7 
  11:../8led.c     **** #define SEGMENT_E 0xFB 
  12:../8led.c     **** #define SEGMENT_F 0xFD 
  13:../8led.c     **** #define SEGMENT_G 0xFE 
  14:../8led.c     **** #define SEGMENT_P 0xEF 
  15:../8led.c     **** 
  16:../8led.c     **** #define DIGIT_F (SEGMENT_A & SEGMENT_G & SEGMENT_E & SEGMENT_F)
  17:../8led.c     **** #define DIGIT_E (SEGMENT_A & SEGMENT_G & SEGMENT_E & SEGMENT_F & SEGMENT_D)
  18:../8led.c     **** #define DIGIT_D (SEGMENT_B & SEGMENT_C & SEGMENT_D & SEGMENT_F & SEGMENT_E)
  19:../8led.c     **** #define DIGIT_C (SEGMENT_A & SEGMENT_D & SEGMENT_E & SEGMENT_G)
  20:../8led.c     **** #define DIGIT_B (SEGMENT_C & SEGMENT_D & SEGMENT_F & SEGMENT_E & SEGMENT_G)
  21:../8led.c     **** #define DIGIT_A (SEGMENT_A & SEGMENT_B & SEGMENT_C & SEGMENT_F & SEGMENT_E & SEGMENT_G)
  22:../8led.c     **** #define DIGIT_9 (SEGMENT_A & SEGMENT_B & SEGMENT_C & SEGMENT_F & SEGMENT_G)
  23:../8led.c     **** #define DIGIT_0 (SEGMENT_A & SEGMENT_B & SEGMENT_C & SEGMENT_D & SEGMENT_E & SEGMENT_G)
  24:../8led.c     **** #define DIGIT_1 (SEGMENT_B & SEGMENT_C)
  25:../8led.c     **** #define DIGIT_2 (SEGMENT_A & SEGMENT_B & SEGMENT_F & SEGMENT_E & SEGMENT_D)
  26:../8led.c     **** #define DIGIT_3 (SEGMENT_A & SEGMENT_B & SEGMENT_F & SEGMENT_C & SEGMENT_D)
  27:../8led.c     **** #define DIGIT_4 (SEGMENT_B & SEGMENT_C & SEGMENT_F & SEGMENT_G)
  28:../8led.c     **** #define DIGIT_5 (SEGMENT_A & SEGMENT_C & SEGMENT_D & SEGMENT_F & SEGMENT_G)
  29:../8led.c     **** #define DIGIT_6 (SEGMENT_A & SEGMENT_C & SEGMENT_D & SEGMENT_E & SEGMENT_F & SEGMENT_G)
  30:../8led.c     **** #define DIGIT_7 (SEGMENT_A & SEGMENT_B & SEGMENT_C)
  31:../8led.c     **** #define DIGIT_8 (SEGMENT_A & SEGMENT_B & SEGMENT_C & SEGMENT_D & SEGMENT_E & SEGMENT_F & SEGMENT_G)
  32:../8led.c     **** 
  33:../8led.c     **** /*--- variables globales ---*/
  34:../8led.c     **** /* tabla de segmentos */
  35:../8led.c     **** int Symbol[] = {DIGIT_0, DIGIT_1, DIGIT_2, DIGIT_3, DIGIT_4, DIGIT_5,
  36:../8led.c     **** 					DIGIT_6, DIGIT_7, DIGIT_8, DIGIT_9, DIGIT_A, DIGIT_B,
  37:../8led.c     **** 					DIGIT_C, DIGIT_D, DIGIT_E, DIGIT_F};
  38:../8led.c     **** /*--- declaracion de funciones ---*/
  39:../8led.c     **** void D8Led_init(void);
  40:../8led.c     **** void D8Led_symbol(int value);
  41:../8led.c     **** /*--- codigo de las funciones ---*/
  42:../8led.c     **** void D8Led_init(void)
  43:../8led.c     **** {
 1987              		.loc 1 43 0
 1988              		.cfi_startproc
 1989              		@ Function supports interworking.
 1990              		@ args = 0, pretend = 0, frame = 0
 1991              		@ frame_needed = 1, uses_anonymous_args = 0
 1992              		@ link register save eliminated.
 1993 0000 04B02DE5 		str	fp, [sp, #-4]!
 1994              	.LCFI0:
 1995              		.cfi_def_cfa_offset 4
 1996 0004 00B08DE2 		add	fp, sp, #0
 1997              		.cfi_offset 11, -4
 1998              	.LCFI1:
 1999              		.cfi_def_cfa_register 11
  44:../8led.c     **** /* Estado inicial del display con todos los segmentos iluminados
  45:../8led.c     **** (buscar en los ficheros de cabecera la direccion implicada--->44blib.h) */ 
  46:../8led.c     **** 	LED8ADDR = 0; 
 2000              		.loc 1 46 0
 2001 0008 8537A0E3 		mov	r3, #34865152
 2002 000c 0020A0E3 		mov	r2, #0
 2003 0010 0020C3E5 		strb	r2, [r3, #0]
  47:../8led.c     **** }
 2004              		.loc 1 47 0
 2005 0014 00D08BE2 		add	sp, fp, #0
 2006 0018 04B09DE4 		ldmfd	sp!, {fp}
 2007 001c 1EFF2FE1 		bx	lr
 2008              		.cfi_endproc
 2009              	.LFE0:
 2011              		.align	2
 2012              		.global	D8Led_symbol
 2014              	D8Led_symbol:
 2015              	.LFB1:
  48:../8led.c     **** void D8Led_symbol(int value)
  49:../8led.c     **** {
 2016              		.loc 1 49 0
 2017              		.cfi_startproc
 2018              		@ Function supports interworking.
 2019              		@ args = 0, pretend = 0, frame = 8
 2020              		@ frame_needed = 1, uses_anonymous_args = 0
 2021              		@ link register save eliminated.
 2022 0020 04B02DE5 		str	fp, [sp, #-4]!
 2023              	.LCFI2:
 2024              		.cfi_def_cfa_offset 4
 2025 0024 00B08DE2 		add	fp, sp, #0
 2026              		.cfi_offset 11, -4
 2027              	.LCFI3:
 2028              		.cfi_def_cfa_register 11
 2029 0028 0CD04DE2 		sub	sp, sp, #12
 2030 002c 08000BE5 		str	r0, [fp, #-8]
  50:../8led.c     **** // muestra Symbol[value] en el display
  51:../8led.c     **** 	LED8ADDR=Symbol[value];
 2031              		.loc 1 51 0
 2032 0030 8537A0E3 		mov	r3, #34865152
 2033 0034 18209FE5 		ldr	r2, .L3
 2034 0038 08101BE5 		ldr	r1, [fp, #-8]
 2035 003c 012192E7 		ldr	r2, [r2, r1, asl #2]
 2036 0040 FF2002E2 		and	r2, r2, #255
 2037 0044 0020C3E5 		strb	r2, [r3, #0]
  52:../8led.c     **** }...
 2038              		.loc 1 52 0
 2039 0048 00D08BE2 		add	sp, fp, #0
 2040 004c 04B09DE4 		ldmfd	sp!, {fp}
 2041 0050 1EFF2FE1 		bx	lr
 2042              	.L4:
 2043              		.align	2
 2044              	.L3:
 2045 0054 00000000 		.word	Symbol
 2046              		.cfi_endproc
 2047              	.LFE1:
 2049              	.Letext0:
DEFINED SYMBOLS
                            *ABS*:00000000 8led.c
C:\Users\mario\AppData\Local\Temp\cccJVv4E.s:1964   .data:00000000 Symbol
C:\Users\mario\AppData\Local\Temp\cccJVv4E.s:1961   .data:00000000 $d
C:\Users\mario\AppData\Local\Temp\cccJVv4E.s:1982   .text:00000000 $a
C:\Users\mario\AppData\Local\Temp\cccJVv4E.s:1985   .text:00000000 D8Led_init
C:\Users\mario\AppData\Local\Temp\cccJVv4E.s:2014   .text:00000020 D8Led_symbol
C:\Users\mario\AppData\Local\Temp\cccJVv4E.s:2045   .text:00000054 $d
                     .debug_frame:00000010 $d

NO UNDEFINED SYMBOLS
