   1              		.cpu arm7tdmi
   2              		.fpu softvfp
   3              		.eabi_attribute 20, 1
   4              		.eabi_attribute 21, 1
   5              		.eabi_attribute 23, 3
   6              		.eabi_attribute 24, 1
   7              		.eabi_attribute 25, 1
   8              		.eabi_attribute 26, 1
   9              		.eabi_attribute 30, 6
  10              		.eabi_attribute 18, 4
  11              		.file	"main.c"
  21              	.Ltext0:
  22              		.file 1 "../main.c"
 2871              		.align	2
 2872              		.global	Main
 2874              	Main:
 2875              	.LFB0:
   1:../main.c     **** /*--- ficheros de cabecera ---*/
   2:../main.c     **** #include "44blib.h"
   3:../main.c     **** #include "44b.h"
   4:../main.c     **** #include "stdio.h"
   5:../main.c     **** /*--- funciones externas ---*/
   6:../main.c     **** extern void leds_off();
   7:../main.c     **** extern void led1_on();
   8:../main.c     **** extern void timer_init();
   9:../main.c     **** extern void keyboard_init();
  10:../main.c     **** 
  11:../main.c     **** //Declarar funciones externas de inicialización
  12:../main.c     **** 
  13:../main.c     **** /*--- declaracion de funciones ---*/
  14:../main.c     **** void Main(void);
  15:../main.c     **** 
  16:../main.c     **** /*--- codigo de funciones ---*/
  17:../main.c     **** void Main(void){
 2876              		.loc 1 17 0
 2877              		.cfi_startproc
 2878              		@ Function supports interworking.
 2879              		@ args = 0, pretend = 0, frame = 0
 2880              		@ frame_needed = 1, uses_anonymous_args = 0
 2881 0000 00482DE9 		stmfd	sp!, {fp, lr}
 2882              	.LCFI0:
 2883              		.cfi_def_cfa_offset 8
 2884 0004 04B08DE2 		add	fp, sp, #4
 2885              		.cfi_offset 14, -4
 2886              		.cfi_offset 11, -8
 2887              	.LCFI1:
 2888              		.cfi_def_cfa 11, 4
  18:../main.c     **** 
  19:../main.c     **** 	/* Inicializar controladores */
  20:../main.c     **** 	sys_init(); 		// Inicializacion de la placa, interrupciones y puertos
 2889              		.loc 1 20 0
 2890 0008 FEFFFFEB 		bl	sys_init
  21:../main.c     **** 	timer_init();		// Inicializacion del temporizador
 2891              		.loc 1 21 0
 2892 000c FEFFFFEB 		bl	timer_init
  22:../main.c     **** 	keyboard_init();	// Inicialización del teclado matricial
 2893              		.loc 1 22 0
 2894 0010 FEFFFFEB 		bl	keyboard_init
  23:../main.c     **** 
  24:../main.c     **** 	/* Establecer valor inicial de los LEDs */
  25:../main.c     **** 	leds_off();
 2895              		.loc 1 25 0
 2896 0014 FEFFFFEB 		bl	leds_off
  26:../main.c     **** 	led1_on();
 2897              		.loc 1 26 0
 2898 0018 FEFFFFEB 		bl	led1_on
 2899              	.L2:
  27:../main.c     **** 	while (1); // espera
 2900              		.loc 1 27 0 discriminator 1
 2901 001c FEFFFFEA 		b	.L2
 2902              		.cfi_endproc
 2903              	.LFE0:
 2905              	.Letext0:
DEFINED SYMBOLS
                            *ABS*:00000000 main.c
C:\Users\mario\AppData\Local\Temp\ccdo5PXE.s:2871   .text:00000000 $a
C:\Users\mario\AppData\Local\Temp\ccdo5PXE.s:2874   .text:00000000 Main
                     .debug_frame:00000010 $d

UNDEFINED SYMBOLS
sys_init
timer_init
keyboard_init
leds_off
led1_on
