
practica2_proyecto.elf:     file format elf32-littlearm

Sections:
Idx Name          Size      VMA       LMA       File off  Algn
  0 .text         000016cc  0c000000  0c000000  00008000  2**2
                  CONTENTS, ALLOC, LOAD, READONLY, CODE
  1 .data         0000009c  0c0016cc  0c0016cc  000096cc  2**2
                  CONTENTS, ALLOC, LOAD, DATA
  2 .bss          0000002c  0c001768  0c001768  00009768  2**2
                  ALLOC
  3 .ARM.attributes 0000002e  00000000  00000000  00009768  2**0
                  CONTENTS, READONLY
  4 .comment      0000002a  00000000  00000000  00009796  2**0
                  CONTENTS, READONLY
  5 .debug_info   000007c5  00000000  00000000  000097c0  2**0
                  CONTENTS, READONLY, DEBUGGING
  6 .debug_line   00000b34  00000000  00000000  00009f85  2**0
                  CONTENTS, READONLY, DEBUGGING
  7 .debug_abbrev 000003aa  00000000  00000000  0000aab9  2**0
                  CONTENTS, READONLY, DEBUGGING
  8 .debug_frame  00000358  00000000  00000000  0000ae64  2**2
                  CONTENTS, READONLY, DEBUGGING
  9 .debug_aranges 00000100  00000000  00000000  0000b1c0  2**3
                  CONTENTS, READONLY, DEBUGGING
 10 .debug_macinfo 000246ba  00000000  00000000  0000b2c0  2**0
                  CONTENTS, READONLY, DEBUGGING
 11 .debug_loc    000003f4  00000000  00000000  0002f97a  2**0
                  CONTENTS, READONLY, DEBUGGING
 12 .debug_pubnames 0000026d  00000000  00000000  0002fd6e  2**0
                  CONTENTS, READONLY, DEBUGGING
 13 .debug_pubtypes 00000024  00000000  00000000  0002ffdb  2**0
                  CONTENTS, READONLY, DEBUGGING
 14 .debug_str    000002c9  00000000  00000000  0002ffff  2**0
                  CONTENTS, READONLY, DEBUGGING

Disassembly of section .text:

0c000000 <ENTRY>:
    .extern Main			/* The main entry of mon program */
    
    .text

    ENTRY:
    b ResetHandler			/* for debug            */
 c000000:	ea00010a 	b	c000430 <ResetHandler>
    b HandlerUndef      	/* handlerUndef         */
 c000004:	ea000042 	b	c000114 <HandlerUndef>
    b HandlerSWI        	/* SWI interrupt handler*/
 c000008:	ea000047 	b	c00012c <HandlerSWI>
    b HandlerPabort     	/* handlerPAbort        */
 c00000c:	ea000052 	b	c00015c <HandlerPabort>
    b HandlerDabort     	/* handlerDAbort        */
 c000010:	ea00004b 	b	c000144 <HandlerDabort>
    b .                 	/* handlerReserved      */
 c000014:	eafffffe 	b	c000014 <ENTRY+0x14>
    b HandlerIRQ
 c000018:	ea000037 	b	c0000fc <HandlerIRQ>
    b HandlerFIQ
 c00001c:	ea000030 	b	c0000e4 <HandlerFIQ>

0c000020 <VECTOR_BRANCH>:
	#be changed like below, to work-around with H/W bug of S3C44B0X interrupt controller. 
	# b HandlerIRQ  ->  subs pc,lr,#4
	# b HandlerIRQ  ->  subs pc,lr,#4

VECTOR_BRANCH:
    ldr pc,=HandlerEINT0    /*mGA    H/W interrupt vector table  */
 c000020:	e59ff56c 	ldr	pc, [pc, #1388]	; c000594 <U0+0x14>
    ldr pc,=HandlerEINT1    /*	                                 */	
 c000024:	e59ff56c 	ldr	pc, [pc, #1388]	; c000598 <U0+0x18>
    ldr pc,=HandlerEINT2    /*                                   */  
 c000028:	e59ff56c 	ldr	pc, [pc, #1388]	; c00059c <U0+0x1c>
    ldr pc,=HandlerEINT3    /*                                   */  
 c00002c:	e59ff56c 	ldr	pc, [pc, #1388]	; c0005a0 <U0+0x20>
    ldr pc,=HandlerEINT4567 /*                                   */  
 c000030:	e59ff56c 	ldr	pc, [pc, #1388]	; c0005a4 <U0+0x24>
    ldr pc,=HandlerTICK	    /*mGA                                */   
 c000034:	e59ff56c 	ldr	pc, [pc, #1388]	; c0005a8 <U0+0x28>
    b .                                                          
 c000038:	eafffffe 	b	c000038 <VECTOR_BRANCH+0x18>
    b .                                                         
 c00003c:	eafffffe 	b	c00003c <VECTOR_BRANCH+0x1c>
    ldr pc,=HandlerZDMA0    /*mGB                                */  
 c000040:	e59ff564 	ldr	pc, [pc, #1380]	; c0005ac <U0+0x2c>
    ldr pc,=HandlerZDMA1    /*                                   */  
 c000044:	e59ff564 	ldr	pc, [pc, #1380]	; c0005b0 <U0+0x30>
    ldr pc,=HandlerBDMA0    /*                                   */  
 c000048:	e59ff564 	ldr	pc, [pc, #1380]	; c0005b4 <U0+0x34>
    ldr pc,=HandlerBDMA1    /*                                   */  
 c00004c:	e59ff564 	ldr	pc, [pc, #1380]	; c0005b8 <U0+0x38>
    ldr pc,=HandlerWDT	    /*                                   */   
 c000050:	e59ff564 	ldr	pc, [pc, #1380]	; c0005bc <U0+0x3c>
    ldr pc,=HandlerUERR01   /*mGB                                */  
 c000054:	e59ff564 	ldr	pc, [pc, #1380]	; c0005c0 <U0+0x40>
    b .                                                          
 c000058:	eafffffe 	b	c000058 <VECTOR_BRANCH+0x38>
    b .                                                          
 c00005c:	eafffffe 	b	c00005c <VECTOR_BRANCH+0x3c>
    ldr pc,=HandlerTIMER0   /*mGC                                */  
 c000060:	e59ff55c 	ldr	pc, [pc, #1372]	; c0005c4 <U0+0x44>
    ldr pc,=HandlerTIMER1   /*                                   */  
 c000064:	e59ff55c 	ldr	pc, [pc, #1372]	; c0005c8 <U0+0x48>
    ldr pc,=HandlerTIMER2   /*                                   */  
 c000068:	e59ff55c 	ldr	pc, [pc, #1372]	; c0005cc <U0+0x4c>
    ldr pc,=HandlerTIMER3   /*                                   */  
 c00006c:	e59ff55c 	ldr	pc, [pc, #1372]	; c0005d0 <U0+0x50>
    ldr pc,=HandlerTIMER4   /*                                   */  
 c000070:	e59ff55c 	ldr	pc, [pc, #1372]	; c0005d4 <U0+0x54>
    ldr pc,=HandlerTIMER5   /*mGC                                */  
 c000074:	e59ff55c 	ldr	pc, [pc, #1372]	; c0005d8 <U0+0x58>
    b .                                                          
 c000078:	eafffffe 	b	c000078 <VECTOR_BRANCH+0x58>
    b .                                                          
 c00007c:	eafffffe 	b	c00007c <VECTOR_BRANCH+0x5c>
    ldr pc,=HandlerURXD0    /*mGD                                */  
 c000080:	e59ff554 	ldr	pc, [pc, #1364]	; c0005dc <U0+0x5c>
    ldr pc,=HandlerURXD1    /*                                   */  
 c000084:	e59ff554 	ldr	pc, [pc, #1364]	; c0005e0 <U0+0x60>
    ldr pc,=HandlerIIC	    /*                                   */   
 c000088:	e59ff554 	ldr	pc, [pc, #1364]	; c0005e4 <U0+0x64>
    ldr pc,=HandlerSIO	    /*                                   */   
 c00008c:	e59ff554 	ldr	pc, [pc, #1364]	; c0005e8 <U0+0x68>
    ldr pc,=HandlerUTXD0    /*                                   */  
 c000090:	e59ff554 	ldr	pc, [pc, #1364]	; c0005ec <U0+0x6c>
    ldr pc,=HandlerUTXD1    /*mGD                                */  
 c000094:	e59ff554 	ldr	pc, [pc, #1364]	; c0005f0 <U0+0x70>
    b .                                                          
 c000098:	eafffffe 	b	c000098 <VECTOR_BRANCH+0x78>
    b .                                                          
 c00009c:	eafffffe 	b	c00009c <VECTOR_BRANCH+0x7c>
    ldr pc,=HandlerRTC	    /*mGKA                               */   
 c0000a0:	e59ff54c 	ldr	pc, [pc, #1356]	; c0005f4 <U0+0x74>
    b .					    /*                     		         */
 c0000a4:	eafffffe 	b	c0000a4 <VECTOR_BRANCH+0x84>
    b .					    /*                     		         */
 c0000a8:	eafffffe 	b	c0000a8 <VECTOR_BRANCH+0x88>
    b .					    /*                     		         */
 c0000ac:	eafffffe 	b	c0000ac <VECTOR_BRANCH+0x8c>
    b .					    /*                     		         */
 c0000b0:	eafffffe 	b	c0000b0 <VECTOR_BRANCH+0x90>
    b .					    /*mGKA                 			     */
 c0000b4:	eafffffe 	b	c0000b4 <VECTOR_BRANCH+0x94>
    b .                                                          
 c0000b8:	eafffffe 	b	c0000b8 <VECTOR_BRANCH+0x98>
    b .                                                          
 c0000bc:	eafffffe 	b	c0000bc <VECTOR_BRANCH+0x9c>
    ldr pc,=HandlerADC	    /*mGKB                               */  
 c0000c0:	e59ff530 	ldr	pc, [pc, #1328]	; c0005f8 <U0+0x78>
    b .					    /*                     		         */
 c0000c4:	eafffffe 	b	c0000c4 <VECTOR_BRANCH+0xa4>
    b .					    /*                     		         */
 c0000c8:	eafffffe 	b	c0000c8 <VECTOR_BRANCH+0xa8>
    b .					    /*                     		         */
 c0000cc:	eafffffe 	b	c0000cc <VECTOR_BRANCH+0xac>
    b .					    /*                     		         */
 c0000d0:	eafffffe 	b	c0000d0 <VECTOR_BRANCH+0xb0>
    b .					    /*mGKB                 		         */
 c0000d4:	eafffffe 	b	c0000d4 <VECTOR_BRANCH+0xb4>
    b .                                                          
 c0000d8:	eafffffe 	b	c0000d8 <VECTOR_BRANCH+0xb8>
    b .                                                          
 c0000dc:	eafffffe 	b	c0000dc <VECTOR_BRANCH+0xbc>
@0xe0=EnterPWDN                                                 
    ldr pc,=EnterPWDN
 c0000e0:	e59ff514 	ldr	pc, [pc, #1300]	; c0005fc <U0+0x7c>

0c0000e4 <HandlerFIQ>:
               to be dumped into the current section\ 
               (which is assumed to be the .text section)\ 
               at the current location (aligned to a word boundary).*/
   .align

HandlerFIQ:		HANDLER HandleFIQ
 c0000e4:	e24dd004 	sub	sp, sp, #4
 c0000e8:	e52d0004 	push	{r0}		; (str r0, [sp, #-4]!)
 c0000ec:	e59f050c 	ldr	r0, [pc, #1292]	; c000600 <U0+0x80>
 c0000f0:	e5900000 	ldr	r0, [r0]
 c0000f4:	e58d0004 	str	r0, [sp, #4]
 c0000f8:	e8bd8001 	pop	{r0, pc}

0c0000fc <HandlerIRQ>:
HandlerIRQ:		HANDLER HandleIRQ
 c0000fc:	e24dd004 	sub	sp, sp, #4
 c000100:	e52d0004 	push	{r0}		; (str r0, [sp, #-4]!)
 c000104:	e59f04f8 	ldr	r0, [pc, #1272]	; c000604 <U0+0x84>
 c000108:	e5900000 	ldr	r0, [r0]
 c00010c:	e58d0004 	str	r0, [sp, #4]
 c000110:	e8bd8001 	pop	{r0, pc}

0c000114 <HandlerUndef>:
HandlerUndef:	HANDLER HandleUndef
 c000114:	e24dd004 	sub	sp, sp, #4
 c000118:	e52d0004 	push	{r0}		; (str r0, [sp, #-4]!)
 c00011c:	e59f04e4 	ldr	r0, [pc, #1252]	; c000608 <U0+0x88>
 c000120:	e5900000 	ldr	r0, [r0]
 c000124:	e58d0004 	str	r0, [sp, #4]
 c000128:	e8bd8001 	pop	{r0, pc}

0c00012c <HandlerSWI>:
HandlerSWI:		HANDLER HandleSWI
 c00012c:	e24dd004 	sub	sp, sp, #4
 c000130:	e52d0004 	push	{r0}		; (str r0, [sp, #-4]!)
 c000134:	e59f04d0 	ldr	r0, [pc, #1232]	; c00060c <U0+0x8c>
 c000138:	e5900000 	ldr	r0, [r0]
 c00013c:	e58d0004 	str	r0, [sp, #4]
 c000140:	e8bd8001 	pop	{r0, pc}

0c000144 <HandlerDabort>:
HandlerDabort:	HANDLER HandleDabort
 c000144:	e24dd004 	sub	sp, sp, #4
 c000148:	e52d0004 	push	{r0}		; (str r0, [sp, #-4]!)
 c00014c:	e59f04bc 	ldr	r0, [pc, #1212]	; c000610 <U0+0x90>
 c000150:	e5900000 	ldr	r0, [r0]
 c000154:	e58d0004 	str	r0, [sp, #4]
 c000158:	e8bd8001 	pop	{r0, pc}

0c00015c <HandlerPabort>:
HandlerPabort:	HANDLER HandlePabort
 c00015c:	e24dd004 	sub	sp, sp, #4
 c000160:	e52d0004 	push	{r0}		; (str r0, [sp, #-4]!)
 c000164:	e59f04a8 	ldr	r0, [pc, #1192]	; c000614 <U0+0x94>
 c000168:	e5900000 	ldr	r0, [r0]
 c00016c:	e58d0004 	str	r0, [sp, #4]
 c000170:	e8bd8001 	pop	{r0, pc}

0c000174 <HandlerADC>:
HandlerADC:		HANDLER HandleADC
 c000174:	e24dd004 	sub	sp, sp, #4
 c000178:	e52d0004 	push	{r0}		; (str r0, [sp, #-4]!)
 c00017c:	e59f0494 	ldr	r0, [pc, #1172]	; c000618 <U0+0x98>
 c000180:	e5900000 	ldr	r0, [r0]
 c000184:	e58d0004 	str	r0, [sp, #4]
 c000188:	e8bd8001 	pop	{r0, pc}

0c00018c <HandlerRTC>:
HandlerRTC:		HANDLER HandleRTC
 c00018c:	e24dd004 	sub	sp, sp, #4
 c000190:	e52d0004 	push	{r0}		; (str r0, [sp, #-4]!)
 c000194:	e59f0480 	ldr	r0, [pc, #1152]	; c00061c <U0+0x9c>
 c000198:	e5900000 	ldr	r0, [r0]
 c00019c:	e58d0004 	str	r0, [sp, #4]
 c0001a0:	e8bd8001 	pop	{r0, pc}

0c0001a4 <HandlerUTXD1>:
HandlerUTXD1:	HANDLER HandleUTXD1
 c0001a4:	e24dd004 	sub	sp, sp, #4
 c0001a8:	e52d0004 	push	{r0}		; (str r0, [sp, #-4]!)
 c0001ac:	e59f046c 	ldr	r0, [pc, #1132]	; c000620 <U0+0xa0>
 c0001b0:	e5900000 	ldr	r0, [r0]
 c0001b4:	e58d0004 	str	r0, [sp, #4]
 c0001b8:	e8bd8001 	pop	{r0, pc}

0c0001bc <HandlerUTXD0>:
HandlerUTXD0:	HANDLER HandleUTXD0
 c0001bc:	e24dd004 	sub	sp, sp, #4
 c0001c0:	e52d0004 	push	{r0}		; (str r0, [sp, #-4]!)
 c0001c4:	e59f0458 	ldr	r0, [pc, #1112]	; c000624 <U0+0xa4>
 c0001c8:	e5900000 	ldr	r0, [r0]
 c0001cc:	e58d0004 	str	r0, [sp, #4]
 c0001d0:	e8bd8001 	pop	{r0, pc}

0c0001d4 <HandlerSIO>:
HandlerSIO:		HANDLER HandleSIO
 c0001d4:	e24dd004 	sub	sp, sp, #4
 c0001d8:	e52d0004 	push	{r0}		; (str r0, [sp, #-4]!)
 c0001dc:	e59f0444 	ldr	r0, [pc, #1092]	; c000628 <U0+0xa8>
 c0001e0:	e5900000 	ldr	r0, [r0]
 c0001e4:	e58d0004 	str	r0, [sp, #4]
 c0001e8:	e8bd8001 	pop	{r0, pc}

0c0001ec <HandlerIIC>:
HandlerIIC:		HANDLER HandleIIC
 c0001ec:	e24dd004 	sub	sp, sp, #4
 c0001f0:	e52d0004 	push	{r0}		; (str r0, [sp, #-4]!)
 c0001f4:	e59f0430 	ldr	r0, [pc, #1072]	; c00062c <U0+0xac>
 c0001f8:	e5900000 	ldr	r0, [r0]
 c0001fc:	e58d0004 	str	r0, [sp, #4]
 c000200:	e8bd8001 	pop	{r0, pc}

0c000204 <HandlerURXD1>:
HandlerURXD1:	HANDLER HandleURXD1
 c000204:	e24dd004 	sub	sp, sp, #4
 c000208:	e52d0004 	push	{r0}		; (str r0, [sp, #-4]!)
 c00020c:	e59f041c 	ldr	r0, [pc, #1052]	; c000630 <U0+0xb0>
 c000210:	e5900000 	ldr	r0, [r0]
 c000214:	e58d0004 	str	r0, [sp, #4]
 c000218:	e8bd8001 	pop	{r0, pc}

0c00021c <HandlerURXD0>:
HandlerURXD0:	HANDLER HandleURXD0
 c00021c:	e24dd004 	sub	sp, sp, #4
 c000220:	e52d0004 	push	{r0}		; (str r0, [sp, #-4]!)
 c000224:	e59f0408 	ldr	r0, [pc, #1032]	; c000634 <U0+0xb4>
 c000228:	e5900000 	ldr	r0, [r0]
 c00022c:	e58d0004 	str	r0, [sp, #4]
 c000230:	e8bd8001 	pop	{r0, pc}

0c000234 <HandlerTIMER5>:
HandlerTIMER5:	HANDLER HandleTIMER5
 c000234:	e24dd004 	sub	sp, sp, #4
 c000238:	e52d0004 	push	{r0}		; (str r0, [sp, #-4]!)
 c00023c:	e59f03f4 	ldr	r0, [pc, #1012]	; c000638 <U0+0xb8>
 c000240:	e5900000 	ldr	r0, [r0]
 c000244:	e58d0004 	str	r0, [sp, #4]
 c000248:	e8bd8001 	pop	{r0, pc}

0c00024c <HandlerTIMER4>:
HandlerTIMER4:	HANDLER HandleTIMER4
 c00024c:	e24dd004 	sub	sp, sp, #4
 c000250:	e52d0004 	push	{r0}		; (str r0, [sp, #-4]!)
 c000254:	e59f03e0 	ldr	r0, [pc, #992]	; c00063c <U0+0xbc>
 c000258:	e5900000 	ldr	r0, [r0]
 c00025c:	e58d0004 	str	r0, [sp, #4]
 c000260:	e8bd8001 	pop	{r0, pc}

0c000264 <HandlerTIMER3>:
HandlerTIMER3:	HANDLER HandleTIMER3
 c000264:	e24dd004 	sub	sp, sp, #4
 c000268:	e52d0004 	push	{r0}		; (str r0, [sp, #-4]!)
 c00026c:	e59f03cc 	ldr	r0, [pc, #972]	; c000640 <U0+0xc0>
 c000270:	e5900000 	ldr	r0, [r0]
 c000274:	e58d0004 	str	r0, [sp, #4]
 c000278:	e8bd8001 	pop	{r0, pc}

0c00027c <HandlerTIMER2>:
HandlerTIMER2:	HANDLER HandleTIMER2
 c00027c:	e24dd004 	sub	sp, sp, #4
 c000280:	e52d0004 	push	{r0}		; (str r0, [sp, #-4]!)
 c000284:	e59f03b8 	ldr	r0, [pc, #952]	; c000644 <U0+0xc4>
 c000288:	e5900000 	ldr	r0, [r0]
 c00028c:	e58d0004 	str	r0, [sp, #4]
 c000290:	e8bd8001 	pop	{r0, pc}

0c000294 <HandlerTIMER1>:
HandlerTIMER1:	HANDLER HandleTIMER1
 c000294:	e24dd004 	sub	sp, sp, #4
 c000298:	e52d0004 	push	{r0}		; (str r0, [sp, #-4]!)
 c00029c:	e59f03a4 	ldr	r0, [pc, #932]	; c000648 <U0+0xc8>
 c0002a0:	e5900000 	ldr	r0, [r0]
 c0002a4:	e58d0004 	str	r0, [sp, #4]
 c0002a8:	e8bd8001 	pop	{r0, pc}

0c0002ac <HandlerTIMER0>:
HandlerTIMER0:	HANDLER HandleTIMER0
 c0002ac:	e24dd004 	sub	sp, sp, #4
 c0002b0:	e52d0004 	push	{r0}		; (str r0, [sp, #-4]!)
 c0002b4:	e59f0390 	ldr	r0, [pc, #912]	; c00064c <U0+0xcc>
 c0002b8:	e5900000 	ldr	r0, [r0]
 c0002bc:	e58d0004 	str	r0, [sp, #4]
 c0002c0:	e8bd8001 	pop	{r0, pc}

0c0002c4 <HandlerUERR01>:
HandlerUERR01:	HANDLER HandleUERR01
 c0002c4:	e24dd004 	sub	sp, sp, #4
 c0002c8:	e52d0004 	push	{r0}		; (str r0, [sp, #-4]!)
 c0002cc:	e59f037c 	ldr	r0, [pc, #892]	; c000650 <U0+0xd0>
 c0002d0:	e5900000 	ldr	r0, [r0]
 c0002d4:	e58d0004 	str	r0, [sp, #4]
 c0002d8:	e8bd8001 	pop	{r0, pc}

0c0002dc <HandlerWDT>:
HandlerWDT:		HANDLER HandleWDT
 c0002dc:	e24dd004 	sub	sp, sp, #4
 c0002e0:	e52d0004 	push	{r0}		; (str r0, [sp, #-4]!)
 c0002e4:	e59f0368 	ldr	r0, [pc, #872]	; c000654 <U0+0xd4>
 c0002e8:	e5900000 	ldr	r0, [r0]
 c0002ec:	e58d0004 	str	r0, [sp, #4]
 c0002f0:	e8bd8001 	pop	{r0, pc}

0c0002f4 <HandlerBDMA1>:
HandlerBDMA1:	HANDLER HandleBDMA1
 c0002f4:	e24dd004 	sub	sp, sp, #4
 c0002f8:	e52d0004 	push	{r0}		; (str r0, [sp, #-4]!)
 c0002fc:	e59f0354 	ldr	r0, [pc, #852]	; c000658 <U0+0xd8>
 c000300:	e5900000 	ldr	r0, [r0]
 c000304:	e58d0004 	str	r0, [sp, #4]
 c000308:	e8bd8001 	pop	{r0, pc}

0c00030c <HandlerBDMA0>:
HandlerBDMA0:	HANDLER HandleBDMA0
 c00030c:	e24dd004 	sub	sp, sp, #4
 c000310:	e52d0004 	push	{r0}		; (str r0, [sp, #-4]!)
 c000314:	e59f0340 	ldr	r0, [pc, #832]	; c00065c <U0+0xdc>
 c000318:	e5900000 	ldr	r0, [r0]
 c00031c:	e58d0004 	str	r0, [sp, #4]
 c000320:	e8bd8001 	pop	{r0, pc}

0c000324 <HandlerZDMA1>:
HandlerZDMA1:	HANDLER HandleZDMA1
 c000324:	e24dd004 	sub	sp, sp, #4
 c000328:	e52d0004 	push	{r0}		; (str r0, [sp, #-4]!)
 c00032c:	e59f032c 	ldr	r0, [pc, #812]	; c000660 <U0+0xe0>
 c000330:	e5900000 	ldr	r0, [r0]
 c000334:	e58d0004 	str	r0, [sp, #4]
 c000338:	e8bd8001 	pop	{r0, pc}

0c00033c <HandlerZDMA0>:
HandlerZDMA0:	HANDLER HandleZDMA0
 c00033c:	e24dd004 	sub	sp, sp, #4
 c000340:	e52d0004 	push	{r0}		; (str r0, [sp, #-4]!)
 c000344:	e59f0318 	ldr	r0, [pc, #792]	; c000664 <U0+0xe4>
 c000348:	e5900000 	ldr	r0, [r0]
 c00034c:	e58d0004 	str	r0, [sp, #4]
 c000350:	e8bd8001 	pop	{r0, pc}

0c000354 <HandlerTICK>:
HandlerTICK:	HANDLER HandleTICK
 c000354:	e24dd004 	sub	sp, sp, #4
 c000358:	e52d0004 	push	{r0}		; (str r0, [sp, #-4]!)
 c00035c:	e59f0304 	ldr	r0, [pc, #772]	; c000668 <U0+0xe8>
 c000360:	e5900000 	ldr	r0, [r0]
 c000364:	e58d0004 	str	r0, [sp, #4]
 c000368:	e8bd8001 	pop	{r0, pc}

0c00036c <HandlerEINT4567>:
HandlerEINT4567:HANDLER HandleEINT4567
 c00036c:	e24dd004 	sub	sp, sp, #4
 c000370:	e52d0004 	push	{r0}		; (str r0, [sp, #-4]!)
 c000374:	e59f02f0 	ldr	r0, [pc, #752]	; c00066c <U0+0xec>
 c000378:	e5900000 	ldr	r0, [r0]
 c00037c:	e58d0004 	str	r0, [sp, #4]
 c000380:	e8bd8001 	pop	{r0, pc}

0c000384 <HandlerEINT3>:
HandlerEINT3:	HANDLER HandleEINT3
 c000384:	e24dd004 	sub	sp, sp, #4
 c000388:	e52d0004 	push	{r0}		; (str r0, [sp, #-4]!)
 c00038c:	e59f02dc 	ldr	r0, [pc, #732]	; c000670 <U0+0xf0>
 c000390:	e5900000 	ldr	r0, [r0]
 c000394:	e58d0004 	str	r0, [sp, #4]
 c000398:	e8bd8001 	pop	{r0, pc}

0c00039c <HandlerEINT2>:
HandlerEINT2:	HANDLER HandleEINT2
 c00039c:	e24dd004 	sub	sp, sp, #4
 c0003a0:	e52d0004 	push	{r0}		; (str r0, [sp, #-4]!)
 c0003a4:	e59f02c8 	ldr	r0, [pc, #712]	; c000674 <U0+0xf4>
 c0003a8:	e5900000 	ldr	r0, [r0]
 c0003ac:	e58d0004 	str	r0, [sp, #4]
 c0003b0:	e8bd8001 	pop	{r0, pc}

0c0003b4 <HandlerEINT1>:
HandlerEINT1:	HANDLER HandleEINT1
 c0003b4:	e24dd004 	sub	sp, sp, #4
 c0003b8:	e52d0004 	push	{r0}		; (str r0, [sp, #-4]!)
 c0003bc:	e59f02b4 	ldr	r0, [pc, #692]	; c000678 <U0+0xf8>
 c0003c0:	e5900000 	ldr	r0, [r0]
 c0003c4:	e58d0004 	str	r0, [sp, #4]
 c0003c8:	e8bd8001 	pop	{r0, pc}

0c0003cc <HandlerEINT0>:
HandlerEINT0:	HANDLER HandleEINT0
 c0003cc:	e24dd004 	sub	sp, sp, #4
 c0003d0:	e52d0004 	push	{r0}		; (str r0, [sp, #-4]!)
 c0003d4:	e59f02a0 	ldr	r0, [pc, #672]	; c00067c <U0+0xfc>
 c0003d8:	e5900000 	ldr	r0, [r0]
 c0003dc:	e58d0004 	str	r0, [sp, #4]
 c0003e0:	e8bd8001 	pop	{r0, pc}

0c0003e4 <IsrIRQ>:

#One of the following two routines can be used for non-vectored interrupt.

IsrIRQ:						/* using I_ISPR register. */
    sub	    sp,sp,#4       	/* reserved for PC	  */
 c0003e4:	e24dd004 	sub	sp, sp, #4
    stmfd   sp!,{r8-r9}   
 c0003e8:	e92d0300 	push	{r8, r9}

	/*#IMPORTANT CAUTION
	#if I_ISPC isn't used properly, I_ISPR can be 0 in this routine.*/

    ldr	    r9,=I_ISPR
 c0003ec:	e59f928c 	ldr	r9, [pc, #652]	; c000680 <U0+0x100>
    ldr	    r9,[r9]
 c0003f0:	e5999000 	ldr	r9, [r9]

	cmp		r9, #0x0		/* If the IDLE mode work-around is used, 	*/
 c0003f4:	e3590000 	cmp	r9, #0
							/* r9 may be 0 sometimes.			*/
	beq		l2
 c0003f8:	0a000009 	beq	c000424 <l2>

    mov	    r8,#0x0
 c0003fc:	e3a08000 	mov	r8, #0

0c000400 <l0>:
l0:
    movs    r9,r9,lsr #1
 c000400:	e1b090a9 	lsrs	r9, r9, #1
    bcs	    l1
 c000404:	2a000001 	bcs	c000410 <l1>
    add	    r8,r8,#4
 c000408:	e2888004 	add	r8, r8, #4
    b	    l0
 c00040c:	eafffffb 	b	c000400 <l0>

0c000410 <l1>:

l1:
    ldr	    r9,=HandleADC
 c000410:	e59f9200 	ldr	r9, [pc, #512]	; c000618 <U0+0x98>
    add	    r9,r9,r8
 c000414:	e0899008 	add	r9, r9, r8
    ldr	    r9,[r9]
 c000418:	e5999000 	ldr	r9, [r9]
    str	    r9,[sp,#8]
 c00041c:	e58d9008 	str	r9, [sp, #8]
    ldmfd   sp!,{r8-r9,pc}
 c000420:	e8bd8300 	pop	{r8, r9, pc}

0c000424 <l2>:

l2:
	ldmfd	sp!,{r8-r9}
 c000424:	e8bd0300 	pop	{r8, r9}
	add		sp,sp,#4
 c000428:	e28dd004 	add	sp, sp, #4
	subs	pc,lr,#4
 c00042c:	e25ef004 	subs	pc, lr, #4

0c000430 <ResetHandler>:

#****************************************************
#*	START											*
#****************************************************
ResetHandler:
    ldr	    r0,=WTCON	    	/* watch dog disable*/
 c000430:	e59f024c 	ldr	r0, [pc, #588]	; c000684 <U0+0x104>
    ldr	    r1,=0x0 		
 c000434:	e3a01000 	mov	r1, #0
    str	    r1,[r0]
 c000438:	e5801000 	str	r1, [r0]

    ldr	    r0,=INTMSK
 c00043c:	e59f0244 	ldr	r0, [pc, #580]	; c000688 <U0+0x108>
    ldr	    r1,=0x07ffffff  	/* all interrupt disable */
 c000440:	e3e0133e 	mvn	r1, #-134217728	; 0xf8000000
    str	    r1,[r0]
 c000444:	e5801000 	str	r1, [r0]

    #****************************************************
    #*	Set clock control registers						*
    #****************************************************
    ldr		r0,=LOCKTIME
 c000448:	e59f023c 	ldr	r0, [pc, #572]	; c00068c <U0+0x10c>
    ldr		r1,=0xfff
 c00044c:	e59f123c 	ldr	r1, [pc, #572]	; c000690 <U0+0x110>
    str		r1,[r0]
 c000450:	e5801000 	str	r1, [r0]

.if PLLONSTART
	ldr		r0,=PLLCON			/* temporary setting of PLL */
 c000454:	e3a00776 	mov	r0, #30932992	; 0x1d80000
	ldr		r1,=((M_DIV<<12)+(P_DIV<<4)+S_DIV)	/* Fin=8MHz,Fout=64MHz     */
 c000458:	e59f1234 	ldr	r1, [pc, #564]	; c000694 <U0+0x114>
	str		r1,[r0]
 c00045c:	e5801000 	str	r1, [r0]
.endif

    ldr	    r0,=CLKCON		
 c000460:	e59f0230 	ldr	r0, [pc, #560]	; c000698 <U0+0x118>
    ldr	    r1,=0x7ff8	    	/* All unit block CLK enable */
 c000464:	e59f1230 	ldr	r1, [pc, #560]	; c00069c <U0+0x11c>
    str	    r1,[r0]
 c000468:	e5801000 	str	r1, [r0]

    #****************************************
    #*  change BDMACON reset value for BDMA *   
    #****************************************
    ldr     r0,=BDIDES0      
 c00046c:	e59f022c 	ldr	r0, [pc, #556]	; c0006a0 <U0+0x120>
    ldr     r1,=0x40000000   	/* BDIDESn reset value should be 0x40000000 */
 c000470:	e3a01101 	mov	r1, #1073741824	; 0x40000000
    str     r1,[r0]
 c000474:	e5801000 	str	r1, [r0]

    ldr     r0,=BDIDES1      
 c000478:	e59f0224 	ldr	r0, [pc, #548]	; c0006a4 <U0+0x124>
    ldr     r1,=0x40000000   	/* BDIDESn reset value should be 0x40000000 */	 
 c00047c:	e3a01101 	mov	r1, #1073741824	; 0x40000000
    str     r1,[r0]
 c000480:	e5801000 	str	r1, [r0]

    #****************************************************
    #*	Set memory control registers					* 	
    #****************************************************
    ldr	    r0,=SMRDATA
 c000484:	e59f021c 	ldr	r0, [pc, #540]	; c0006a8 <U0+0x128>
    ldmia   r0,{r1-r13}
 c000488:	e8903ffe 	ldm	r0, {r1, r2, r3, r4, r5, r6, r7, r8, r9, sl, fp, ip, sp}
    ldr	    r0,=0x01c80000  	/* BWSCON Address */
 c00048c:	e3a00772 	mov	r0, #29884416	; 0x1c80000
    stmia   r0,{r1-r13}
 c000490:	e8803ffe 	stm	r0, {r1, r2, r3, r4, r5, r6, r7, r8, r9, sl, fp, ip, sp}

    #;****************************************************
    #;*	Initialize stacks								* 
    #;****************************************************
    ldr	    sp, =SVCStack		/* Why	*/		
 c000494:	e59fd210 	ldr	sp, [pc, #528]	; c0006ac <U0+0x12c>
    bl	    InitStacks
 c000498:	eb000015 	bl	c0004f4 <InitStacks>

    #;****************************************************
    #;*	Setup IRQ handler								*
    #;****************************************************
    ldr	    r0,=HandleIRQ		/* This routine is needed */
 c00049c:	e59f0160 	ldr	r0, [pc, #352]	; c000604 <U0+0x84>
    ldr	    r1,=IsrIRQ			/* if there isn't 'subs pc,lr,#4' at 0x18, 0x1c */
 c0004a0:	e59f1208 	ldr	r1, [pc, #520]	; c0006b0 <U0+0x130>
    str	    r1,[r0]
 c0004a4:	e5801000 	str	r1, [r0]

    #********************************************************
    #*	Copy and paste RW data/zero initialized data	    *
    #********************************************************
    LDR	    r0, =Image_RO_Limit	/* Get pointer to ROM data */
 c0004a8:	e59f0204 	ldr	r0, [pc, #516]	; c0006b4 <U0+0x134>
    LDR	    r1, =Image_RW_Base	/* and RAM copy	*/
 c0004ac:	e59f1204 	ldr	r1, [pc, #516]	; c0006b8 <U0+0x138>
    LDR	    r3, =Image_ZI_Base	
 c0004b0:	e59f3204 	ldr	r3, [pc, #516]	; c0006bc <U0+0x13c>
	/* Zero init base => top of initialised data */
			
    CMP	    r0, r1	    		/* Check that they are different */
 c0004b4:	e1500001 	cmp	r0, r1
    BEQ	    F1
 c0004b8:	0a000003 	beq	c0004cc <F1>

0c0004bc <F0>:
F0:
    CMP	    r1, r3				/* Copy init data                        */
 c0004bc:	e1510003 	cmp	r1, r3
    LDRCC   r2, [r0], #4        /* --> LDRCC r2, [r0] + ADD r0, r0, #4	 */
 c0004c0:	34902004 	ldrcc	r2, [r0], #4
    STRCC   r2, [r1], #4        /* --> STRCC r2, [r1] + ADD r1, r1, #4   */ 
 c0004c4:	34812004 	strcc	r2, [r1], #4
    BCC	    F0
 c0004c8:	3afffffb 	bcc	c0004bc <F0>

0c0004cc <F1>:
F1:
    LDR	    r1, =Image_ZI_Limit	/* Top of zero init segment */
 c0004cc:	e59f11ec 	ldr	r1, [pc, #492]	; c0006c0 <U0+0x140>
    MOV	    r2, #0
 c0004d0:	e3a02000 	mov	r2, #0

0c0004d4 <F2>:
F2:
    CMP	    r3, r1	    		/* Zero init */
 c0004d4:	e1530001 	cmp	r3, r1
    STRCC   r2, [r3], #4
 c0004d8:	34832004 	strcc	r2, [r3], #4
    BCC	    F2
 c0004dc:	3afffffc 	bcc	c0004d4 <F2>

	MRS	r0, CPSR
 c0004e0:	e10f0000 	mrs	r0, CPSR
	BIC	r0, r0, #NOINT /* enable interrupt */
 c0004e4:	e3c000c0 	bic	r0, r0, #192	; 0xc0
	MSR	CPSR_cxsf, r0
 c0004e8:	e12ff000 	msr	CPSR_fsxc, r0
	/* jump to main() */
   	BL	Main
 c0004ec:	eb0003d3 	bl	c001440 <Main>
   	B   .	    
 c0004f0:	eafffffe 	b	c0004f0 <F2+0x1c>

0c0004f4 <InitStacks>:
InitStacks:
	#Don't use DRAM,such as stmfd,ldmfd......
	#SVCstack is initialized before
	#Under toolkit ver 2.50, 'msr cpsr,r1' can be used instead of 'msr cpsr_cxsf,r1'

    mrs	    r0,cpsr
 c0004f4:	e10f0000 	mrs	r0, CPSR
    bic	    r0,r0,#MODEMASK
 c0004f8:	e3c0001f 	bic	r0, r0, #31
    orr	    r1,r0,#UNDEFMODE
 c0004fc:	e380101b 	orr	r1, r0, #27
    msr	    cpsr_cxsf,r1		/* UndefMode */
 c000500:	e12ff001 	msr	CPSR_fsxc, r1
    ldr	    sp,=UndefStack
 c000504:	e59fd1b8 	ldr	sp, [pc, #440]	; c0006c4 <U0+0x144>
	
    orr	    r1,r0,#ABORTMODE|NOINT
 c000508:	e38010d7 	orr	r1, r0, #215	; 0xd7
    msr	    cpsr_cxsf,r1 	    /* AbortMode */	
 c00050c:	e12ff001 	msr	CPSR_fsxc, r1
    ldr	    sp,=AbortStack
 c000510:	e59fd1b0 	ldr	sp, [pc, #432]	; c0006c8 <U0+0x148>

    orr	    r1,r0,#IRQMODE|FIQ_MODE
 c000514:	e3801092 	orr	r1, r0, #146	; 0x92
    msr	    cpsr_cxsf,r1 	    /* IRQMode */
 c000518:	e12ff001 	msr	CPSR_fsxc, r1
    ldr	    sp,=IRQStack
 c00051c:	e59fd1a8 	ldr	sp, [pc, #424]	; c0006cc <U0+0x14c>
	
    orr	    r1,r0,#FIQMODE|IRQ_MODE
 c000520:	e3801051 	orr	r1, r0, #81	; 0x51
    msr	    cpsr_cxsf,r1 	    /* FIQMode */
 c000524:	e12ff001 	msr	CPSR_fsxc, r1
    ldr	    sp,=FIQStack
 c000528:	e59fd1a0 	ldr	sp, [pc, #416]	; c0006d0 <U0+0x150>

    bic	    r0,r0,#MODEMASK
 c00052c:	e3c0001f 	bic	r0, r0, #31
    orr	    r1,r0,#SVCMODE
 c000530:	e3801013 	orr	r1, r0, #19
    msr	    cpsr_cxsf,r1 	    /* SVCMode */
 c000534:	e12ff001 	msr	CPSR_fsxc, r1
    ldr	    sp,=SVCStack
 c000538:	e59fd16c 	ldr	sp, [pc, #364]	; c0006ac <U0+0x12c>

	#USER mode is not initialized.
    mov	    pc,lr 				/* The LR register may be not valid for the mode changes. */
 c00053c:	e1a0f00e 	mov	pc, lr

0c000540 <EnterPWDN>:
#****************************************************
#*	The function for entering power down mode		*
#****************************************************
#void EnterPWDN(int CLKCON);
EnterPWDN:
    mov	    r2,r0               /* r0=CLKCON */
 c000540:	e1a02000 	mov	r2, r0
    ldr	    r0,=REFRESH		
 c000544:	e59f0188 	ldr	r0, [pc, #392]	; c0006d4 <U0+0x154>
    ldr	    r3,[r0]
 c000548:	e5903000 	ldr	r3, [r0]
    mov	    r1, r3
 c00054c:	e1a01003 	mov	r1, r3
    orr	    r1, r1, #0x400000   /* self-refresh enable */
 c000550:	e3811501 	orr	r1, r1, #4194304	; 0x400000
    str	    r1, [r0]
 c000554:	e5801000 	str	r1, [r0]

    nop     /* Wait until self-refresh is issued. May not be needed. */
 c000558:	e1a00000 	nop			; (mov r0, r0)
    nop     /* If the other bus master holds the bus, ... */
 c00055c:	e1a00000 	nop			; (mov r0, r0)
    nop	    /* mov r0, r0 */
 c000560:	e1a00000 	nop			; (mov r0, r0)
    nop
 c000564:	e1a00000 	nop			; (mov r0, r0)
    nop
 c000568:	e1a00000 	nop			; (mov r0, r0)
    nop
 c00056c:	e1a00000 	nop			; (mov r0, r0)
    nop
 c000570:	e1a00000 	nop			; (mov r0, r0)

#enter POWERDN mode
    ldr	    r0,=CLKCON
 c000574:	e59f011c 	ldr	r0, [pc, #284]	; c000698 <U0+0x118>
    str	    r2,[r0]
 c000578:	e5802000 	str	r2, [r0]

#wait until enter SL_IDLE,STOP mode and until wake-up
    ldr	    r0,=0x10
 c00057c:	e3a00010 	mov	r0, #16

0c000580 <U0>:
U0: subs    r0,r0,#1
 c000580:	e2500001 	subs	r0, r0, #1
    bne	    U0
 c000584:	1afffffd 	bne	c000580 <U0>

#exit from DRAM/SDRAM self refresh mode.
    ldr	    r0,=REFRESH
 c000588:	e59f0144 	ldr	r0, [pc, #324]	; c0006d4 <U0+0x154>
    str	    r3,[r0]
 c00058c:	e5803000 	str	r3, [r0]
    mov	    pc,lr
 c000590:	e1a0f00e 	mov	pc, lr
 c000594:	0c0003cc 	.word	0x0c0003cc
 c000598:	0c0003b4 	.word	0x0c0003b4
 c00059c:	0c00039c 	.word	0x0c00039c
 c0005a0:	0c000384 	.word	0x0c000384
 c0005a4:	0c00036c 	.word	0x0c00036c
 c0005a8:	0c000354 	.word	0x0c000354
 c0005ac:	0c00033c 	.word	0x0c00033c
 c0005b0:	0c000324 	.word	0x0c000324
 c0005b4:	0c00030c 	.word	0x0c00030c
 c0005b8:	0c0002f4 	.word	0x0c0002f4
 c0005bc:	0c0002dc 	.word	0x0c0002dc
 c0005c0:	0c0002c4 	.word	0x0c0002c4
 c0005c4:	0c0002ac 	.word	0x0c0002ac
 c0005c8:	0c000294 	.word	0x0c000294
 c0005cc:	0c00027c 	.word	0x0c00027c
 c0005d0:	0c000264 	.word	0x0c000264
 c0005d4:	0c00024c 	.word	0x0c00024c
 c0005d8:	0c000234 	.word	0x0c000234
 c0005dc:	0c00021c 	.word	0x0c00021c
 c0005e0:	0c000204 	.word	0x0c000204
 c0005e4:	0c0001ec 	.word	0x0c0001ec
 c0005e8:	0c0001d4 	.word	0x0c0001d4
 c0005ec:	0c0001bc 	.word	0x0c0001bc
 c0005f0:	0c0001a4 	.word	0x0c0001a4
 c0005f4:	0c00018c 	.word	0x0c00018c
 c0005f8:	0c000174 	.word	0x0c000174
 c0005fc:	0c000540 	.word	0x0c000540
 c000600:	0c7fff1c 	.word	0x0c7fff1c
 c000604:	0c7fff18 	.word	0x0c7fff18
 c000608:	0c7fff04 	.word	0x0c7fff04
 c00060c:	0c7fff08 	.word	0x0c7fff08
 c000610:	0c7fff10 	.word	0x0c7fff10
 c000614:	0c7fff0c 	.word	0x0c7fff0c
 c000618:	0c7fff20 	.word	0x0c7fff20
 c00061c:	0c7fff24 	.word	0x0c7fff24
 c000620:	0c7fff28 	.word	0x0c7fff28
 c000624:	0c7fff2c 	.word	0x0c7fff2c
 c000628:	0c7fff30 	.word	0x0c7fff30
 c00062c:	0c7fff34 	.word	0x0c7fff34
 c000630:	0c7fff38 	.word	0x0c7fff38
 c000634:	0c7fff3c 	.word	0x0c7fff3c
 c000638:	0c7fff40 	.word	0x0c7fff40
 c00063c:	0c7fff44 	.word	0x0c7fff44
 c000640:	0c7fff48 	.word	0x0c7fff48
 c000644:	0c7fff4c 	.word	0x0c7fff4c
 c000648:	0c7fff50 	.word	0x0c7fff50
 c00064c:	0c7fff54 	.word	0x0c7fff54
 c000650:	0c7fff58 	.word	0x0c7fff58
 c000654:	0c7fff5c 	.word	0x0c7fff5c
 c000658:	0c7fff60 	.word	0x0c7fff60
 c00065c:	0c7fff64 	.word	0x0c7fff64
 c000660:	0c7fff68 	.word	0x0c7fff68
 c000664:	0c7fff6c 	.word	0x0c7fff6c
 c000668:	0c7fff70 	.word	0x0c7fff70
 c00066c:	0c7fff74 	.word	0x0c7fff74
 c000670:	0c7fff78 	.word	0x0c7fff78
 c000674:	0c7fff7c 	.word	0x0c7fff7c
 c000678:	0c7fff80 	.word	0x0c7fff80
 c00067c:	0c7fff84 	.word	0x0c7fff84
 c000680:	01e00020 	.word	0x01e00020
 c000684:	01d30000 	.word	0x01d30000
 c000688:	01e0000c 	.word	0x01e0000c
 c00068c:	01d8000c 	.word	0x01d8000c
 c000690:	00000fff 	.word	0x00000fff
 c000694:	00038021 	.word	0x00038021
 c000698:	01d80004 	.word	0x01d80004
 c00069c:	00007ff8 	.word	0x00007ff8
 c0006a0:	01f80008 	.word	0x01f80008
 c0006a4:	01f80028 	.word	0x01f80028
 c0006a8:	0c0006d8 	.word	0x0c0006d8
 c0006ac:	0c7ff100 	.word	0x0c7ff100
 c0006b0:	0c0003e4 	.word	0x0c0003e4
 c0006b4:	0c0016cc 	.word	0x0c0016cc
 c0006b8:	0c0016cc 	.word	0x0c0016cc
 c0006bc:	0c001768 	.word	0x0c001768
 c0006c0:	0c001794 	.word	0x0c001794
 c0006c4:	0c7ff200 	.word	0x0c7ff200
 c0006c8:	0c7ff300 	.word	0x0c7ff300
 c0006cc:	0c7ff400 	.word	0x0c7ff400
 c0006d0:	0c7ff500 	.word	0x0c7ff500
 c0006d4:	01c80024 	.word	0x01c80024

0c0006d8 <SMRDATA>:
 c0006d8:	11110102 	.word	0x11110102
 c0006dc:	00000600 	.word	0x00000600
 c0006e0:	00007ffc 	.word	0x00007ffc
 c0006e4:	00007ffc 	.word	0x00007ffc
 c0006e8:	00007ffc 	.word	0x00007ffc
 c0006ec:	00007ffc 	.word	0x00007ffc
 c0006f0:	00007ffc 	.word	0x00007ffc
 c0006f4:	00018000 	.word	0x00018000
 c0006f8:	00018000 	.word	0x00018000
 c0006fc:	00860459 	.word	0x00860459
 c000700:	00000010 	.word	0x00000010
 c000704:	00000020 	.word	0x00000020
 c000708:	00000020 	.word	0x00000020

0c00070c <Delay>:

void Delay(int time)
// time=0: adjust the Delay function by WatchDog timer.//
// time>0: the number of loop time//
// 100us resolution.//
{
 c00070c:	e92d4800 	push	{fp, lr}
 c000710:	e28db004 	add	fp, sp, #4
 c000714:	e24dd010 	sub	sp, sp, #16
 c000718:	e50b0010 	str	r0, [fp, #-16]
	int i,adjust=0;
 c00071c:	e3a03000 	mov	r3, #0
 c000720:	e50b300c 	str	r3, [fp, #-12]
	if(time==0)
 c000724:	e51b3010 	ldr	r3, [fp, #-16]
 c000728:	e3530000 	cmp	r3, #0
 c00072c:	1a000021 	bne	c0007b8 <Delay+0xac>
	{
		time=200;
 c000730:	e3a030c8 	mov	r3, #200	; 0xc8
 c000734:	e50b3010 	str	r3, [fp, #-16]
		adjust=1;
 c000738:	e3a03001 	mov	r3, #1
 c00073c:	e50b300c 	str	r3, [fp, #-12]
		delayLoopCount=400;
 c000740:	e59f30d8 	ldr	r3, [pc, #216]	; c000820 <Delay+0x114>
 c000744:	e3a02e19 	mov	r2, #400	; 0x190
 c000748:	e5832000 	str	r2, [r3]
		rWTCON=((MCLK/1000000-1)<<8)|(2<<3);	// 1M/64,Watch-dog,nRESET,interrupt disable//
 c00074c:	e59f30d0 	ldr	r3, [pc, #208]	; c000824 <Delay+0x118>
 c000750:	e59f20d0 	ldr	r2, [pc, #208]	; c000828 <Delay+0x11c>
 c000754:	e5832000 	str	r2, [r3]
		rWTDAT=0xffff;
 c000758:	e59f30cc 	ldr	r3, [pc, #204]	; c00082c <Delay+0x120>
 c00075c:	e59f20cc 	ldr	r2, [pc, #204]	; c000830 <Delay+0x124>
 c000760:	e5832000 	str	r2, [r3]
		rWTCNT=0xffff;	 
 c000764:	e59f30c8 	ldr	r3, [pc, #200]	; c000834 <Delay+0x128>
 c000768:	e59f20c0 	ldr	r2, [pc, #192]	; c000830 <Delay+0x124>
 c00076c:	e5832000 	str	r2, [r3]
		rWTCON=((MCLK/1000000-1)<<8)|(2<<3)|(1<<5); // 1M/64,Watch-dog enable,nRESET,interrupt disable //
 c000770:	e59f30ac 	ldr	r3, [pc, #172]	; c000824 <Delay+0x118>
 c000774:	e59f20bc 	ldr	r2, [pc, #188]	; c000838 <Delay+0x12c>
 c000778:	e5832000 	str	r2, [r3]
	}
	for(;time>0;time--)
 c00077c:	ea00000d 	b	c0007b8 <Delay+0xac>
		for(i=0;i<delayLoopCount;i++);
 c000780:	e3a03000 	mov	r3, #0
 c000784:	e50b3008 	str	r3, [fp, #-8]
 c000788:	ea000002 	b	c000798 <Delay+0x8c>
 c00078c:	e51b3008 	ldr	r3, [fp, #-8]
 c000790:	e2833001 	add	r3, r3, #1
 c000794:	e50b3008 	str	r3, [fp, #-8]
 c000798:	e59f3080 	ldr	r3, [pc, #128]	; c000820 <Delay+0x114>
 c00079c:	e5933000 	ldr	r3, [r3]
 c0007a0:	e51b2008 	ldr	r2, [fp, #-8]
 c0007a4:	e1520003 	cmp	r2, r3
 c0007a8:	bafffff7 	blt	c00078c <Delay+0x80>
		rWTCON=((MCLK/1000000-1)<<8)|(2<<3);	// 1M/64,Watch-dog,nRESET,interrupt disable//
		rWTDAT=0xffff;
		rWTCNT=0xffff;	 
		rWTCON=((MCLK/1000000-1)<<8)|(2<<3)|(1<<5); // 1M/64,Watch-dog enable,nRESET,interrupt disable //
	}
	for(;time>0;time--)
 c0007ac:	e51b3010 	ldr	r3, [fp, #-16]
 c0007b0:	e2433001 	sub	r3, r3, #1
 c0007b4:	e50b3010 	str	r3, [fp, #-16]
 c0007b8:	e51b3010 	ldr	r3, [fp, #-16]
 c0007bc:	e3530000 	cmp	r3, #0
 c0007c0:	caffffee 	bgt	c000780 <Delay+0x74>
		for(i=0;i<delayLoopCount;i++);
	if(adjust==1)
 c0007c4:	e51b300c 	ldr	r3, [fp, #-12]
 c0007c8:	e3530001 	cmp	r3, #1
 c0007cc:	1a000010 	bne	c000814 <Delay+0x108>
	{
		rWTCON=((MCLK/1000000-1)<<8)|(2<<3);
 c0007d0:	e59f304c 	ldr	r3, [pc, #76]	; c000824 <Delay+0x118>
 c0007d4:	e59f204c 	ldr	r2, [pc, #76]	; c000828 <Delay+0x11c>
 c0007d8:	e5832000 	str	r2, [r3]
		i=0xffff-rWTCNT;   //  1count/16us?????????//
 c0007dc:	e59f3050 	ldr	r3, [pc, #80]	; c000834 <Delay+0x128>
 c0007e0:	e5933000 	ldr	r3, [r3]
 c0007e4:	e2633cff 	rsb	r3, r3, #65280	; 0xff00
 c0007e8:	e28330ff 	add	r3, r3, #255	; 0xff
 c0007ec:	e50b3008 	str	r3, [fp, #-8]
		delayLoopCount=8000000/(i*64);	//400*100/(i*64/200)   //
 c0007f0:	e51b3008 	ldr	r3, [fp, #-8]
 c0007f4:	e1a03303 	lsl	r3, r3, #6
 c0007f8:	e59f003c 	ldr	r0, [pc, #60]	; c00083c <Delay+0x130>
 c0007fc:	e1a01003 	mov	r1, r3
 c000800:	eb00035e 	bl	c001580 <__aeabi_idiv>
 c000804:	e1a03000 	mov	r3, r0
 c000808:	e1a02003 	mov	r2, r3
 c00080c:	e59f300c 	ldr	r3, [pc, #12]	; c000820 <Delay+0x114>
 c000810:	e5832000 	str	r2, [r3]
	}
}
 c000814:	e24bd004 	sub	sp, fp, #4
 c000818:	e8bd4800 	pop	{fp, lr}
 c00081c:	e12fff1e 	bx	lr
 c000820:	0c0016dc 	.word	0x0c0016dc
 c000824:	01d30000 	.word	0x01d30000
 c000828:	00003f10 	.word	0x00003f10
 c00082c:	01d30004 	.word	0x01d30004
 c000830:	0000ffff 	.word	0x0000ffff
 c000834:	01d30008 	.word	0x01d30008
 c000838:	00003f30 	.word	0x00003f30
 c00083c:	007a1200 	.word	0x007a1200

0c000840 <DelayMs>:

void DelayMs(int ms_time)
{
 c000840:	e52db004 	push	{fp}		; (str fp, [sp, #-4]!)
 c000844:	e28db000 	add	fp, sp, #0
 c000848:	e24dd014 	sub	sp, sp, #20
 c00084c:	e50b0010 	str	r0, [fp, #-16]
	int i;
	
	for( i = 0 ; i < 1000*ms_time ; i++ )
 c000850:	e3a03000 	mov	r3, #0
 c000854:	e50b3008 	str	r3, [fp, #-8]
 c000858:	ea000002 	b	c000868 <DelayMs+0x28>
 c00085c:	e51b3008 	ldr	r3, [fp, #-8]
 c000860:	e2833001 	add	r3, r3, #1
 c000864:	e50b3008 	str	r3, [fp, #-8]
 c000868:	e51b2010 	ldr	r2, [fp, #-16]
 c00086c:	e1a03002 	mov	r3, r2
 c000870:	e1a03283 	lsl	r3, r3, #5
 c000874:	e0623003 	rsb	r3, r2, r3
 c000878:	e1a03103 	lsl	r3, r3, #2
 c00087c:	e0833002 	add	r3, r3, r2
 c000880:	e1a03183 	lsl	r3, r3, #3
 c000884:	e1a02003 	mov	r2, r3
 c000888:	e51b3008 	ldr	r3, [fp, #-8]
 c00088c:	e1520003 	cmp	r2, r3
 c000890:	cafffff1 	bgt	c00085c <DelayMs+0x1c>
		;
}
 c000894:	e28bd000 	add	sp, fp, #0
 c000898:	e49db004 	pop	{fp}		; (ldr fp, [sp], #4)
 c00089c:	e12fff1e 	bx	lr

0c0008a0 <Port_Init>:

//------------------------PORTS------------------------------//
void Port_Init(void)
{
 c0008a0:	e52db004 	push	{fp}		; (str fp, [sp, #-4]!)
 c0008a4:	e28db000 	add	fp, sp, #0

	// PORT A GROUP
	// BIT 	9	8	7	6	5	4	3	2	1	0
	// 		A24	A23	A22	A21	A20	A19	A18	A17	A16	A0
	//		0	1	1	1	1	1	1	1	1	1
	rPCONA = 0x1ff;	
 c0008a8:	e59f3100 	ldr	r3, [pc, #256]	; c0009b0 <Port_Init+0x110>
 c0008ac:	e59f2100 	ldr	r2, [pc, #256]	; c0009b4 <Port_Init+0x114>
 c0008b0:	e5832000 	str	r2, [r3]
	// PORT B GROUP
	// BIT 	10		9		8		7		6		5		4		3		2		1		0
	//		/CS5	/CS4	/CS3	/CS2	/CS1	GPB5	GPB4	/SRAS	/SCAS	SCLK	SCKE
	//		EXT		NIC		USB		IDE		SMC		NC		NC		Sdram	Sdram	Sdram	Sdram
	//      1, 		1,   	1,   	1,    	1,    	0,       0,     1,    	1,    	1,   	1	
	rPDATB = 0x7ff;				
 c0008b4:	e59f30fc 	ldr	r3, [pc, #252]	; c0009b8 <Port_Init+0x118>
 c0008b8:	e59f20fc 	ldr	r2, [pc, #252]	; c0009bc <Port_Init+0x11c>
 c0008bc:	e5832000 	str	r2, [r3]
	rPCONB = 0x1cf;			// P9-LED1 P10-LED2
 c0008c0:	e59f30f8 	ldr	r3, [pc, #248]	; c0009c0 <Port_Init+0x120>
 c0008c4:	e59f20f8 	ldr	r2, [pc, #248]	; c0009c4 <Port_Init+0x124>
 c0008c8:	e5832000 	str	r2, [r3]

	//  PC7		6		5		4		3		2		1		0
	//   I		I		I		I		I		I		I		I
	//   NC		NC		NC		NC		IISCLK	IISDI	IISDO	IISLRCK
	//   00		00		00		00		11		11		11		11
	rPDATC = 0xff00;
 c0008cc:	e59f30f4 	ldr	r3, [pc, #244]	; c0009c8 <Port_Init+0x128>
 c0008d0:	e3a02cff 	mov	r2, #65280	; 0xff00
 c0008d4:	e5832000 	str	r2, [r3]
	rPCONC = 0x0ff0ffff;	
 c0008d8:	e59f30ec 	ldr	r3, [pc, #236]	; c0009cc <Port_Init+0x12c>
 c0008dc:	e59f20ec 	ldr	r2, [pc, #236]	; c0009d0 <Port_Init+0x130>
 c0008e0:	e5832000 	str	r2, [r3]
	rPUPC  = 0x30ff;	//PULL UP RESISTOR should be enabled to I/O
 c0008e4:	e59f30e8 	ldr	r3, [pc, #232]	; c0009d4 <Port_Init+0x134>
 c0008e8:	e59f20e8 	ldr	r2, [pc, #232]	; c0009d8 <Port_Init+0x138>
 c0008ec:	e5832000 	str	r2, [r3]
	// PORT D GROUP
	// PORT D GROUP(I/O OR LCD)
	// BIT7		6		5		4		3		2		1		0
	//	VF		VM		VLINE	VCLK	VD3		VD2		VD1		VD0
	//	00		00		00		00		00		00		00		00
	rPDATD= 0xff;
 c0008f0:	e59f30e4 	ldr	r3, [pc, #228]	; c0009dc <Port_Init+0x13c>
 c0008f4:	e3a020ff 	mov	r2, #255	; 0xff
 c0008f8:	e5832000 	str	r2, [r3]
	rPCOND= 0xaaaa;	
 c0008fc:	e59f30dc 	ldr	r3, [pc, #220]	; c0009e0 <Port_Init+0x140>
 c000900:	e59f20dc 	ldr	r2, [pc, #220]	; c0009e4 <Port_Init+0x144>
 c000904:	e5832000 	str	r2, [r3]
	rPUPD = 0x0;
 c000908:	e59f30d8 	ldr	r3, [pc, #216]	; c0009e8 <Port_Init+0x148>
 c00090c:	e3a02000 	mov	r2, #0
 c000910:	e5832000 	str	r2, [r3]
	
	// PORT E GROUP 
	// Bit	8		7		6		5		4		3		2		1		0
	//  	CODECLK	LED4	LED5	LED6	LED7	BEEP	RXD0	TXD0	LcdDisp
	//  	10		01		01		01		01		01		10		10		01
	rPDATE	= 0x1ff;
 c000914:	e59f30d0 	ldr	r3, [pc, #208]	; c0009ec <Port_Init+0x14c>
 c000918:	e59f2094 	ldr	r2, [pc, #148]	; c0009b4 <Port_Init+0x114>
 c00091c:	e5832000 	str	r2, [r3]
	rPCONE	= 0x25529;	
 c000920:	e59f30c8 	ldr	r3, [pc, #200]	; c0009f0 <Port_Init+0x150>
 c000924:	e59f20c8 	ldr	r2, [pc, #200]	; c0009f4 <Port_Init+0x154>
 c000928:	e5832000 	str	r2, [r3]
	rPUPE	= 0x6;
 c00092c:	e59f30c4 	ldr	r3, [pc, #196]	; c0009f8 <Port_Init+0x158>
 c000930:	e3a02006 	mov	r2, #6
 c000934:	e5832000 	str	r2, [r3]
	
	// PORT F GROUP
	// Bit8		7		6		5		 4		3		2		1		0
	// IISCLK	IISDI	IISDO	IISLRCK	Input	Input	Input	IICSDA	IICSCL
	// 100		100		100		100		00		00		00		10		10
	rPDATF = 0x0;
 c000938:	e59f30bc 	ldr	r3, [pc, #188]	; c0009fc <Port_Init+0x15c>
 c00093c:	e3a02000 	mov	r2, #0
 c000940:	e5832000 	str	r2, [r3]
	rPCONF = 0x252a;
 c000944:	e59f30b4 	ldr	r3, [pc, #180]	; c000a00 <Port_Init+0x160>
 c000948:	e59f20b4 	ldr	r2, [pc, #180]	; c000a04 <Port_Init+0x164>
 c00094c:	e5832000 	str	r2, [r3]
	rPUPF  = 0x0;
 c000950:	e59f30b0 	ldr	r3, [pc, #176]	; c000a08 <Port_Init+0x168>
 c000954:	e3a02000 	mov	r2, #0
 c000958:	e5832000 	str	r2, [r3]
	// PORT G GROUP
	// BIT7		6		5		4		3		2		1		0
	// 	INT7	INT6	INT5	INT4	INT3	INT2	INT1	INT0
	//	S3		S4		S5		S6		NIC		EXT		IDE		USB
	//	11      11      11      11      11      11      11      11
	rPDATG = 0xff;
 c00095c:	e59f30a8 	ldr	r3, [pc, #168]	; c000a0c <Port_Init+0x16c>
 c000960:	e3a020ff 	mov	r2, #255	; 0xff
 c000964:	e5832000 	str	r2, [r3]
	rPCONG = 0xffff;
 c000968:	e59f30a0 	ldr	r3, [pc, #160]	; c000a10 <Port_Init+0x170>
 c00096c:	e59f20a0 	ldr	r2, [pc, #160]	; c000a14 <Port_Init+0x174>
 c000970:	e5832000 	str	r2, [r3]
	rPUPG  = 0x0;		//pull-up portG enabled  
 c000974:	e59f309c 	ldr	r3, [pc, #156]	; c000a18 <Port_Init+0x178>
 c000978:	e3a02000 	mov	r2, #0
 c00097c:	e5832000 	str	r2, [r3]
	rSPUCR = 0x7;  		//D15-D0 pull-up disable
 c000980:	e59f3094 	ldr	r3, [pc, #148]	; c000a1c <Port_Init+0x17c>
 c000984:	e3a02007 	mov	r2, #7
 c000988:	e5832000 	str	r2, [r3]

	/* Non Cache area */
	rNCACHBE0=((Non_Cache_End>>12)<<16)|(Non_Cache_Start>>12); 
 c00098c:	e59f308c 	ldr	r3, [pc, #140]	; c000a20 <Port_Init+0x180>
 c000990:	e59f208c 	ldr	r2, [pc, #140]	; c000a24 <Port_Init+0x184>
 c000994:	e5832000 	str	r2, [r3]

	/* Low level default */
	rEXTINT=0x0;
 c000998:	e59f3088 	ldr	r3, [pc, #136]	; c000a28 <Port_Init+0x188>
 c00099c:	e3a02000 	mov	r2, #0
 c0009a0:	e5832000 	str	r2, [r3]
}
 c0009a4:	e28bd000 	add	sp, fp, #0
 c0009a8:	e49db004 	pop	{fp}		; (ldr fp, [sp], #4)
 c0009ac:	e12fff1e 	bx	lr
 c0009b0:	01d20000 	.word	0x01d20000
 c0009b4:	000001ff 	.word	0x000001ff
 c0009b8:	01d2000c 	.word	0x01d2000c
 c0009bc:	000007ff 	.word	0x000007ff
 c0009c0:	01d20008 	.word	0x01d20008
 c0009c4:	000001cf 	.word	0x000001cf
 c0009c8:	01d20014 	.word	0x01d20014
 c0009cc:	01d20010 	.word	0x01d20010
 c0009d0:	0ff0ffff 	.word	0x0ff0ffff
 c0009d4:	01d20018 	.word	0x01d20018
 c0009d8:	000030ff 	.word	0x000030ff
 c0009dc:	01d20020 	.word	0x01d20020
 c0009e0:	01d2001c 	.word	0x01d2001c
 c0009e4:	0000aaaa 	.word	0x0000aaaa
 c0009e8:	01d20024 	.word	0x01d20024
 c0009ec:	01d2002c 	.word	0x01d2002c
 c0009f0:	01d20028 	.word	0x01d20028
 c0009f4:	00025529 	.word	0x00025529
 c0009f8:	01d20030 	.word	0x01d20030
 c0009fc:	01d20038 	.word	0x01d20038
 c000a00:	01d20034 	.word	0x01d20034
 c000a04:	0000252a 	.word	0x0000252a
 c000a08:	01d2003c 	.word	0x01d2003c
 c000a0c:	01d20044 	.word	0x01d20044
 c000a10:	01d20040 	.word	0x01d20040
 c000a14:	0000ffff 	.word	0x0000ffff
 c000a18:	01d20048 	.word	0x01d20048
 c000a1c:	01d2004c 	.word	0x01d2004c
 c000a20:	01c00004 	.word	0x01c00004
 c000a24:	c0002000 	.word	0xc0002000
 c000a28:	01d20050 	.word	0x01d20050

0c000a2c <malloc>:

//--------------------------------HEAP---------------------------------//
void * malloc(unsigned nbyte) 
/*Very simple; Use malloc() & free() like Stack*/
//void *mallocPt=Image$$RW$$Limit;
{
 c000a2c:	e52db004 	push	{fp}		; (str fp, [sp, #-4]!)
 c000a30:	e28db000 	add	fp, sp, #0
 c000a34:	e24dd014 	sub	sp, sp, #20
 c000a38:	e50b0010 	str	r0, [fp, #-16]
    void *returnPt=mallocPt;
 c000a3c:	e59f307c 	ldr	r3, [pc, #124]	; c000ac0 <malloc+0x94>
 c000a40:	e5933000 	ldr	r3, [r3]
 c000a44:	e50b3008 	str	r3, [fp, #-8]

    mallocPt= (int *)mallocPt+nbyte/4+((nbyte%4)>0); //to align 4byte
 c000a48:	e59f3070 	ldr	r3, [pc, #112]	; c000ac0 <malloc+0x94>
 c000a4c:	e5932000 	ldr	r2, [r3]
 c000a50:	e51b3010 	ldr	r3, [fp, #-16]
 c000a54:	e1a01123 	lsr	r1, r3, #2
 c000a58:	e51b3010 	ldr	r3, [fp, #-16]
 c000a5c:	e2033003 	and	r3, r3, #3
 c000a60:	e3530000 	cmp	r3, #0
 c000a64:	03a03000 	moveq	r3, #0
 c000a68:	13a03001 	movne	r3, #1
 c000a6c:	e0813003 	add	r3, r1, r3
 c000a70:	e1a03103 	lsl	r3, r3, #2
 c000a74:	e0822003 	add	r2, r2, r3
 c000a78:	e59f3040 	ldr	r3, [pc, #64]	; c000ac0 <malloc+0x94>
 c000a7c:	e5832000 	str	r2, [r3]

    if( (int)mallocPt > HEAPEND )
 c000a80:	e59f3038 	ldr	r3, [pc, #56]	; c000ac0 <malloc+0x94>
 c000a84:	e5933000 	ldr	r3, [r3]
 c000a88:	e1a02003 	mov	r2, r3
 c000a8c:	e59f3030 	ldr	r3, [pc, #48]	; c000ac4 <malloc+0x98>
 c000a90:	e1520003 	cmp	r2, r3
 c000a94:	da000004 	ble	c000aac <malloc+0x80>
    {
		mallocPt=returnPt;
 c000a98:	e59f3020 	ldr	r3, [pc, #32]	; c000ac0 <malloc+0x94>
 c000a9c:	e51b2008 	ldr	r2, [fp, #-8]
 c000aa0:	e5832000 	str	r2, [r3]
		return NULL;
 c000aa4:	e3a03000 	mov	r3, #0
 c000aa8:	ea000000 	b	c000ab0 <malloc+0x84>
    }
    return returnPt;
 c000aac:	e51b3008 	ldr	r3, [fp, #-8]
}
 c000ab0:	e1a00003 	mov	r0, r3
 c000ab4:	e28bd000 	add	sp, fp, #0
 c000ab8:	e49db004 	pop	{fp}		; (ldr fp, [sp], #4)
 c000abc:	e12fff1e 	bx	lr
 c000ac0:	0c0016d4 	.word	0x0c0016d4
 c000ac4:	0c7ff000 	.word	0x0c7ff000

0c000ac8 <free>:

void free(void *pt)
{
 c000ac8:	e52db004 	push	{fp}		; (str fp, [sp, #-4]!)
 c000acc:	e28db000 	add	fp, sp, #0
 c000ad0:	e24dd00c 	sub	sp, sp, #12
 c000ad4:	e50b0008 	str	r0, [fp, #-8]
    mallocPt=pt;
 c000ad8:	e59f3010 	ldr	r3, [pc, #16]	; c000af0 <free+0x28>
 c000adc:	e51b2008 	ldr	r2, [fp, #-8]
 c000ae0:	e5832000 	str	r2, [r3]
}
 c000ae4:	e28bd000 	add	sp, fp, #0
 c000ae8:	e49db004 	pop	{fp}		; (ldr fp, [sp], #4)
 c000aec:	e12fff1e 	bx	lr
 c000af0:	0c0016d4 	.word	0x0c0016d4

0c000af4 <sys_init>:

//--------------------------------INIT---------------------------------//
void sys_init()// Interrupt & Port
{
 c000af4:	e92d4800 	push	{fp, lr}
 c000af8:	e28db004 	add	fp, sp, #4
    /* enable interrupt */
	rINTMOD=0x0;
 c000afc:	e59f3040 	ldr	r3, [pc, #64]	; c000b44 <sys_init+0x50>
 c000b00:	e3a02000 	mov	r2, #0
 c000b04:	e5832000 	str	r2, [r3]
	rINTCON=0x1;
 c000b08:	e3a0361e 	mov	r3, #31457280	; 0x1e00000
 c000b0c:	e3a02001 	mov	r2, #1
 c000b10:	e5832000 	str	r2, [r3]
    rI_ISPC = 0xffffffff;			/* clear all interrupt pend	*/
 c000b14:	e59f302c 	ldr	r3, [pc, #44]	; c000b48 <sys_init+0x54>
 c000b18:	e3e02000 	mvn	r2, #0
 c000b1c:	e5832000 	str	r2, [r3]
	rEXTINTPND = 0xf;				// clear EXTINTPND reg
 c000b20:	e59f3024 	ldr	r3, [pc, #36]	; c000b4c <sys_init+0x58>
 c000b24:	e3a0200f 	mov	r2, #15
 c000b28:	e5832000 	str	r2, [r3]
	Port_Init();					/* Initial 44B0X's I/O port */	
 c000b2c:	ebffff5b 	bl	c0008a0 <Port_Init>
	Delay(0);						/* delay time				*/
 c000b30:	e3a00000 	mov	r0, #0
 c000b34:	ebfffef4 	bl	c00070c <Delay>
}
 c000b38:	e24bd004 	sub	sp, fp, #4
 c000b3c:	e8bd4800 	pop	{fp, lr}
 c000b40:	e12fff1e 	bx	lr
 c000b44:	01e00008 	.word	0x01e00008
 c000b48:	01e00024 	.word	0x01e00024
 c000b4c:	01d20054 	.word	0x01d20054

0c000b50 <D8Led_init>:
/*--- declaracion de funciones ---*/
void D8Led_init(void);
void D8Led_symbol(int value);
/*--- codigo de las funciones ---*/
void D8Led_init(void)
{
 c000b50:	e52db004 	push	{fp}		; (str fp, [sp, #-4]!)
 c000b54:	e28db000 	add	fp, sp, #0
/* Estado inicial del display con todos los segmentos iluminados
(buscar en los ficheros de cabecera la direccion implicada--->44blib.h) */ 
	LED8ADDR = 0; 
 c000b58:	e3a03785 	mov	r3, #34865152	; 0x2140000
 c000b5c:	e3a02000 	mov	r2, #0
 c000b60:	e5c32000 	strb	r2, [r3]
}
 c000b64:	e28bd000 	add	sp, fp, #0
 c000b68:	e49db004 	pop	{fp}		; (ldr fp, [sp], #4)
 c000b6c:	e12fff1e 	bx	lr

0c000b70 <D8Led_symbol>:
void D8Led_symbol(int value)
{
 c000b70:	e52db004 	push	{fp}		; (str fp, [sp, #-4]!)
 c000b74:	e28db000 	add	fp, sp, #0
 c000b78:	e24dd00c 	sub	sp, sp, #12
 c000b7c:	e50b0008 	str	r0, [fp, #-8]
// muestra Symbol[value] en el display
	LED8ADDR=Symbol[value];
 c000b80:	e3a03785 	mov	r3, #34865152	; 0x2140000
 c000b84:	e59f2018 	ldr	r2, [pc, #24]	; c000ba4 <D8Led_symbol+0x34>
 c000b88:	e51b1008 	ldr	r1, [fp, #-8]
 c000b8c:	e7922101 	ldr	r2, [r2, r1, lsl #2]
 c000b90:	e20220ff 	and	r2, r2, #255	; 0xff
 c000b94:	e5c32000 	strb	r2, [r3]
 c000b98:	e28bd000 	add	sp, fp, #0
 c000b9c:	e49db004 	pop	{fp}		; (ldr fp, [sp], #4)
 c000ba0:	e12fff1e 	bx	lr
 c000ba4:	0c0016e0 	.word	0x0c0016e0

0c000ba8 <start>:
	.global start
    .extern Main
    .equ STACK, 0x0C7FF000

start: 
    LDR SP,=STACK
 c000ba8:	e59fd00c 	ldr	sp, [pc, #12]	; c000bbc <End+0x4>
    MOV FP,#0
 c000bac:	e3a0b000 	mov	fp, #0
    
    MOV LR,PC
 c000bb0:	e1a0e00f 	mov	lr, pc
    LDR PC,=Main
 c000bb4:	e59ff004 	ldr	pc, [pc, #4]	; c000bc0 <End+0x8>

0c000bb8 <End>:

End:
    B End
 c000bb8:	eafffffe 	b	c000bb8 <End>
 c000bbc:	0c7ff000 	.word	0x0c7ff000
 c000bc0:	0c001440 	.word	0x0c001440

0c000bc4 <keyboard_init>:
void KeyboardInt(void) __attribute__ ((interrupt ("IRQ")));
int key_read();

/*--- Codigo de las funciones ---*/
void keyboard_init()
{
 c000bc4:	e52db004 	push	{fp}		; (str fp, [sp, #-4]!)
 c000bc8:	e28db000 	add	fp, sp, #0
	/* Configurar el puerto G (si no lo estuviese ya) */
		// Establece la funcion de los pines (EINT0-7)
	rPCONG = rPCONG | (0xF<<12);
 c000bcc:	e59f30b4 	ldr	r3, [pc, #180]	; c000c88 <keyboard_init+0xc4>
 c000bd0:	e59f20b0 	ldr	r2, [pc, #176]	; c000c88 <keyboard_init+0xc4>
 c000bd4:	e5922000 	ldr	r2, [r2]
 c000bd8:	e3822a0f 	orr	r2, r2, #61440	; 0xf000
 c000bdc:	e5832000 	str	r2, [r3]
		// Habilita el "pull up" del puerto
	rPUPG = rPUPG & ~(0x3<<6);
 c000be0:	e59f30a4 	ldr	r3, [pc, #164]	; c000c8c <keyboard_init+0xc8>
 c000be4:	e59f20a0 	ldr	r2, [pc, #160]	; c000c8c <keyboard_init+0xc8>
 c000be8:	e5922000 	ldr	r2, [r2]
 c000bec:	e3c220c0 	bic	r2, r2, #192	; 0xc0
 c000bf0:	e5832000 	str	r2, [r3]
		// Configura las lineas de int. como de flanco de bajada mediante EXTINT
	rEXTINT = rEXTINT | (0x1<<29) | (0x1<<25);
 c000bf4:	e59f3094 	ldr	r3, [pc, #148]	; c000c90 <keyboard_init+0xcc>
 c000bf8:	e59f2090 	ldr	r2, [pc, #144]	; c000c90 <keyboard_init+0xcc>
 c000bfc:	e5922000 	ldr	r2, [r2]
 c000c00:	e3822422 	orr	r2, r2, #570425344	; 0x22000000
 c000c04:	e5832000 	str	r2, [r3]
	/* Establece la rutina de servicio para EINT1 */
	pISR_EINT1 = (unsigned) KeyboardInt;
 c000c08:	e59f3084 	ldr	r3, [pc, #132]	; c000c94 <keyboard_init+0xd0>
 c000c0c:	e59f2084 	ldr	r2, [pc, #132]	; c000c98 <keyboard_init+0xd4>
 c000c10:	e5832000 	str	r2, [r3]
	/* Configurar controlador de interrupciones */
		// Borra INTPND escribiendo 1s en I_ISPC
	rI_ISPC = rI_ISPC | BIT_EINT1;
 c000c14:	e59f3080 	ldr	r3, [pc, #128]	; c000c9c <keyboard_init+0xd8>
 c000c18:	e59f207c 	ldr	r2, [pc, #124]	; c000c9c <keyboard_init+0xd8>
 c000c1c:	e5922000 	ldr	r2, [r2]
 c000c20:	e3822401 	orr	r2, r2, #16777216	; 0x1000000
 c000c24:	e5832000 	str	r2, [r3]
		// Configura las lineas como de tipo IRQ mediante INTMOD
	rINTMOD = rINTMOD & ~BIT_EINT1;
 c000c28:	e59f3070 	ldr	r3, [pc, #112]	; c000ca0 <keyboard_init+0xdc>
 c000c2c:	e59f206c 	ldr	r2, [pc, #108]	; c000ca0 <keyboard_init+0xdc>
 c000c30:	e5922000 	ldr	r2, [r2]
 c000c34:	e3c22401 	bic	r2, r2, #16777216	; 0x1000000
 c000c38:	e5832000 	str	r2, [r3]
	rINTCON = (rINTCON & ~(0x3<<1)) | 0x1;
 c000c3c:	e3a0361e 	mov	r3, #31457280	; 0x1e00000
 c000c40:	e3a0261e 	mov	r2, #31457280	; 0x1e00000
 c000c44:	e5922000 	ldr	r2, [r2]
 c000c48:	e3c22007 	bic	r2, r2, #7
 c000c4c:	e3822001 	orr	r2, r2, #1
 c000c50:	e5832000 	str	r2, [r3]
		// Habilita int. vectorizadas y la linea IRQ (FIQ no) mediante INTCON
	/* Habilitar linea EINT1 */
	rINTMSK = rINTMSK & ~(BIT_EINT1 | BIT_GLOBAL);
 c000c54:	e59f3048 	ldr	r3, [pc, #72]	; c000ca4 <keyboard_init+0xe0>
 c000c58:	e59f2044 	ldr	r2, [pc, #68]	; c000ca4 <keyboard_init+0xe0>
 c000c5c:	e5922000 	ldr	r2, [r2]
 c000c60:	e3c22405 	bic	r2, r2, #83886080	; 0x5000000
 c000c64:	e5832000 	str	r2, [r3]
		//
	/* Por precaucion, se vuelven a borrar los bits de INTPND correspondientes*/
	rI_ISPC = rI_ISPC | BIT_EINT1;
 c000c68:	e59f302c 	ldr	r3, [pc, #44]	; c000c9c <keyboard_init+0xd8>
 c000c6c:	e59f2028 	ldr	r2, [pc, #40]	; c000c9c <keyboard_init+0xd8>
 c000c70:	e5922000 	ldr	r2, [r2]
 c000c74:	e3822401 	orr	r2, r2, #16777216	; 0x1000000
 c000c78:	e5832000 	str	r2, [r3]

}
 c000c7c:	e28bd000 	add	sp, fp, #0
 c000c80:	e49db004 	pop	{fp}		; (ldr fp, [sp], #4)
 c000c84:	e12fff1e 	bx	lr
 c000c88:	01d20040 	.word	0x01d20040
 c000c8c:	01d20048 	.word	0x01d20048
 c000c90:	01d20050 	.word	0x01d20050
 c000c94:	0c7fff80 	.word	0x0c7fff80
 c000c98:	0c000ca8 	.word	0x0c000ca8
 c000c9c:	01e00024 	.word	0x01e00024
 c000ca0:	01e00008 	.word	0x01e00008
 c000ca4:	01e0000c 	.word	0x01e0000c

0c000ca8 <KeyboardInt>:

void KeyboardInt(void){
 c000ca8:	e24ee004 	sub	lr, lr, #4
 c000cac:	e92d581f 	push	{r0, r1, r2, r3, r4, fp, ip, lr}
 c000cb0:	e28db01c 	add	fp, sp, #28
	/* Esperar trp mediante la funcion DelayMs()*/
	DelayMs(20);
 c000cb4:	e3a00014 	mov	r0, #20
 c000cb8:	ebfffee0 	bl	c000840 <DelayMs>
	/* Identificar la tecla */
	key = key_read();
 c000cbc:	eb00009a 	bl	c000f2c <key_read>
 c000cc0:	e1a02000 	mov	r2, r0
 c000cc4:	e59f3238 	ldr	r3, [pc, #568]	; c000f04 <KeyboardInt+0x25c>
 c000cc8:	e5832000 	str	r2, [r3]

	if (key > -1){
 c000ccc:	e59f3230 	ldr	r3, [pc, #560]	; c000f04 <KeyboardInt+0x25c>
 c000cd0:	e5933000 	ldr	r3, [r3]
 c000cd4:	e3530000 	cmp	r3, #0
 c000cd8:	ba000075 	blt	c000eb4 <KeyboardInt+0x20c>
		digit = numberMapping[key];
 c000cdc:	e59f3220 	ldr	r3, [pc, #544]	; c000f04 <KeyboardInt+0x25c>
 c000ce0:	e5932000 	ldr	r2, [r3]
 c000ce4:	e59f321c 	ldr	r3, [pc, #540]	; c000f08 <KeyboardInt+0x260>
 c000ce8:	e7932102 	ldr	r2, [r3, r2, lsl #2]
 c000cec:	e59f3218 	ldr	r3, [pc, #536]	; c000f0c <KeyboardInt+0x264>
 c000cf0:	e5832000 	str	r2, [r3]

		// Se comprueba si es una cifra u otra cosa
		if (digit < 0){
 c000cf4:	e59f3210 	ldr	r3, [pc, #528]	; c000f0c <KeyboardInt+0x264>
 c000cf8:	e5933000 	ldr	r3, [r3]
 c000cfc:	e3530000 	cmp	r3, #0
 c000d00:	aa000045 	bge	c000e1c <KeyboardInt+0x174>
			if (digit == -5){
 c000d04:	e59f3200 	ldr	r3, [pc, #512]	; c000f0c <KeyboardInt+0x264>
 c000d08:	e5933000 	ldr	r3, [r3]
 c000d0c:	e3730005 	cmn	r3, #5
 c000d10:	1a000033 	bne	c000de4 <KeyboardInt+0x13c>
				switch (operation){
 c000d14:	e59f31f4 	ldr	r3, [pc, #500]	; c000f10 <KeyboardInt+0x268>
 c000d18:	e5933000 	ldr	r3, [r3]
 c000d1c:	e3730002 	cmn	r3, #2
 c000d20:	0a00000c 	beq	c000d58 <KeyboardInt+0xb0>
 c000d24:	e3730001 	cmn	r3, #1
 c000d28:	0a000002 	beq	c000d38 <KeyboardInt+0x90>
 c000d2c:	e3730003 	cmn	r3, #3
 c000d30:	0a000010 	beq	c000d78 <KeyboardInt+0xd0>
					case -1: result = op1 + op2; break;
					case -2: result = op1 - op2; break;
					case -3: result = op1 * op2; break;
					// case -4: result = con cuidado;
					default: break;
 c000d34:	ea000017 	b	c000d98 <KeyboardInt+0xf0>

		// Se comprueba si es una cifra u otra cosa
		if (digit < 0){
			if (digit == -5){
				switch (operation){
					case -1: result = op1 + op2; break;
 c000d38:	e59f31d4 	ldr	r3, [pc, #468]	; c000f14 <KeyboardInt+0x26c>
 c000d3c:	e5932000 	ldr	r2, [r3]
 c000d40:	e59f31d0 	ldr	r3, [pc, #464]	; c000f18 <KeyboardInt+0x270>
 c000d44:	e5933000 	ldr	r3, [r3]
 c000d48:	e0822003 	add	r2, r2, r3
 c000d4c:	e59f31c8 	ldr	r3, [pc, #456]	; c000f1c <KeyboardInt+0x274>
 c000d50:	e5832000 	str	r2, [r3]
 c000d54:	ea00000f 	b	c000d98 <KeyboardInt+0xf0>
					case -2: result = op1 - op2; break;
 c000d58:	e59f31b4 	ldr	r3, [pc, #436]	; c000f14 <KeyboardInt+0x26c>
 c000d5c:	e5932000 	ldr	r2, [r3]
 c000d60:	e59f31b0 	ldr	r3, [pc, #432]	; c000f18 <KeyboardInt+0x270>
 c000d64:	e5933000 	ldr	r3, [r3]
 c000d68:	e0632002 	rsb	r2, r3, r2
 c000d6c:	e59f31a8 	ldr	r3, [pc, #424]	; c000f1c <KeyboardInt+0x274>
 c000d70:	e5832000 	str	r2, [r3]
 c000d74:	ea000007 	b	c000d98 <KeyboardInt+0xf0>
					case -3: result = op1 * op2; break;
 c000d78:	e59f3194 	ldr	r3, [pc, #404]	; c000f14 <KeyboardInt+0x26c>
 c000d7c:	e5933000 	ldr	r3, [r3]
 c000d80:	e59f2190 	ldr	r2, [pc, #400]	; c000f18 <KeyboardInt+0x270>
 c000d84:	e5922000 	ldr	r2, [r2]
 c000d88:	e0020293 	mul	r2, r3, r2
 c000d8c:	e59f3188 	ldr	r3, [pc, #392]	; c000f1c <KeyboardInt+0x274>
 c000d90:	e5832000 	str	r2, [r3]
 c000d94:	e1a00000 	nop			; (mov r0, r0)
					// case -4: result = con cuidado;
					default: break;
				}

				// Llamar a la funcion que se encargue de mostrar el resultado por pantalla en 8led.c
				D8Led_symbol(result);
 c000d98:	e59f317c 	ldr	r3, [pc, #380]	; c000f1c <KeyboardInt+0x274>
 c000d9c:	e5933000 	ldr	r3, [r3]
 c000da0:	e1a00003 	mov	r0, r3
 c000da4:	ebffff71 	bl	c000b70 <D8Led_symbol>
				state++;
 c000da8:	e59f3170 	ldr	r3, [pc, #368]	; c000f20 <KeyboardInt+0x278>
 c000dac:	e5933000 	ldr	r3, [r3]
 c000db0:	e2832001 	add	r2, r3, #1
 c000db4:	e59f3164 	ldr	r3, [pc, #356]	; c000f20 <KeyboardInt+0x278>
 c000db8:	e5832000 	str	r2, [r3]
				op1 = 0;
 c000dbc:	e59f3150 	ldr	r3, [pc, #336]	; c000f14 <KeyboardInt+0x26c>
 c000dc0:	e3a02000 	mov	r2, #0
 c000dc4:	e5832000 	str	r2, [r3]
				op2 = 0;
 c000dc8:	e59f3148 	ldr	r3, [pc, #328]	; c000f18 <KeyboardInt+0x270>
 c000dcc:	e3a02000 	mov	r2, #0
 c000dd0:	e5832000 	str	r2, [r3]
				operation = 0;
 c000dd4:	e59f3134 	ldr	r3, [pc, #308]	; c000f10 <KeyboardInt+0x268>
 c000dd8:	e3a02000 	mov	r2, #0
 c000ddc:	e5832000 	str	r2, [r3]
			}
		}
	}

	/* Esperar a se libere la tecla: consultar bit 1 del registro de datos del puerto G */
	while ((rPDATG & (0x1<<1)) == 0){
 c000de0:	ea000038 	b	c000ec8 <KeyboardInt+0x220>
				op1 = 0;
				op2 = 0;
				operation = 0;
			} else {
				// Se puede considerar la sequencia "+2" como "0+2" hasta que se cambie este comportamiento
				if (state > 2){
 c000de4:	e59f3134 	ldr	r3, [pc, #308]	; c000f20 <KeyboardInt+0x278>
 c000de8:	e5933000 	ldr	r3, [r3]
 c000dec:	e3530002 	cmp	r3, #2
 c000df0:	ca000031 	bgt	c000ebc <KeyboardInt+0x214>
					// Mostrar de alguna manera que no se puede
					// e.g. leds parpadeando durante 2 segundos?
				} else {
					operation = digit;
 c000df4:	e59f3110 	ldr	r3, [pc, #272]	; c000f0c <KeyboardInt+0x264>
 c000df8:	e5932000 	ldr	r2, [r3]
 c000dfc:	e59f310c 	ldr	r3, [pc, #268]	; c000f10 <KeyboardInt+0x268>
 c000e00:	e5832000 	str	r2, [r3]
					state++;
 c000e04:	e59f3114 	ldr	r3, [pc, #276]	; c000f20 <KeyboardInt+0x278>
 c000e08:	e5933000 	ldr	r3, [r3]
 c000e0c:	e2832001 	add	r2, r3, #1
 c000e10:	e59f3108 	ldr	r3, [pc, #264]	; c000f20 <KeyboardInt+0x278>
 c000e14:	e5832000 	str	r2, [r3]
			}
		}
	}

	/* Esperar a se libere la tecla: consultar bit 1 del registro de datos del puerto G */
	while ((rPDATG & (0x1<<1)) == 0){
 c000e18:	ea00002a 	b	c000ec8 <KeyboardInt+0x220>
					operation = digit;
					state++;
				}
			}
		} else {
			D8Led_symbol(digit);
 c000e1c:	e59f30e8 	ldr	r3, [pc, #232]	; c000f0c <KeyboardInt+0x264>
 c000e20:	e5933000 	ldr	r3, [r3]
 c000e24:	e1a00003 	mov	r0, r3
 c000e28:	ebffff50 	bl	c000b70 <D8Led_symbol>
			// Se modifica el operando correspondiente dependiendo del estado de la calculadora
			// Meter como en una pila y luego calcular el numero cuando se seleccione una operacion
			if (state == 1){
 c000e2c:	e59f30ec 	ldr	r3, [pc, #236]	; c000f20 <KeyboardInt+0x278>
 c000e30:	e5933000 	ldr	r3, [r3]
 c000e34:	e3530001 	cmp	r3, #1
 c000e38:	1a00000c 	bne	c000e70 <KeyboardInt+0x1c8>
				op1 = op1 * 10 + digit;
 c000e3c:	e59f30d0 	ldr	r3, [pc, #208]	; c000f14 <KeyboardInt+0x26c>
 c000e40:	e5932000 	ldr	r2, [r3]
 c000e44:	e1a03002 	mov	r3, r2
 c000e48:	e1a03103 	lsl	r3, r3, #2
 c000e4c:	e0833002 	add	r3, r3, r2
 c000e50:	e1a03083 	lsl	r3, r3, #1
 c000e54:	e1a02003 	mov	r2, r3
 c000e58:	e59f30ac 	ldr	r3, [pc, #172]	; c000f0c <KeyboardInt+0x264>
 c000e5c:	e5933000 	ldr	r3, [r3]
 c000e60:	e0822003 	add	r2, r2, r3
 c000e64:	e59f30a8 	ldr	r3, [pc, #168]	; c000f14 <KeyboardInt+0x26c>
 c000e68:	e5832000 	str	r2, [r3]
			}
		}
	}

	/* Esperar a se libere la tecla: consultar bit 1 del registro de datos del puerto G */
	while ((rPDATG & (0x1<<1)) == 0){
 c000e6c:	ea000015 	b	c000ec8 <KeyboardInt+0x220>
			D8Led_symbol(digit);
			// Se modifica el operando correspondiente dependiendo del estado de la calculadora
			// Meter como en una pila y luego calcular el numero cuando se seleccione una operacion
			if (state == 1){
				op1 = op1 * 10 + digit;
			} else if (state == 2) {
 c000e70:	e59f30a8 	ldr	r3, [pc, #168]	; c000f20 <KeyboardInt+0x278>
 c000e74:	e5933000 	ldr	r3, [r3]
 c000e78:	e3530002 	cmp	r3, #2
 c000e7c:	1a000010 	bne	c000ec4 <KeyboardInt+0x21c>
				op2 = op2 * 10 + digit;
 c000e80:	e59f3090 	ldr	r3, [pc, #144]	; c000f18 <KeyboardInt+0x270>
 c000e84:	e5932000 	ldr	r2, [r3]
 c000e88:	e1a03002 	mov	r3, r2
 c000e8c:	e1a03103 	lsl	r3, r3, #2
 c000e90:	e0833002 	add	r3, r3, r2
 c000e94:	e1a03083 	lsl	r3, r3, #1
 c000e98:	e1a02003 	mov	r2, r3
 c000e9c:	e59f3068 	ldr	r3, [pc, #104]	; c000f0c <KeyboardInt+0x264>
 c000ea0:	e5933000 	ldr	r3, [r3]
 c000ea4:	e0822003 	add	r2, r2, r3
 c000ea8:	e59f3068 	ldr	r3, [pc, #104]	; c000f18 <KeyboardInt+0x270>
 c000eac:	e5832000 	str	r2, [r3]
			}
		}
	}

	/* Esperar a se libere la tecla: consultar bit 1 del registro de datos del puerto G */
	while ((rPDATG & (0x1<<1)) == 0){
 c000eb0:	ea000004 	b	c000ec8 <KeyboardInt+0x220>
 c000eb4:	e1a00000 	nop			; (mov r0, r0)
 c000eb8:	ea000002 	b	c000ec8 <KeyboardInt+0x220>
 c000ebc:	e1a00000 	nop			; (mov r0, r0)
 c000ec0:	ea000000 	b	c000ec8 <KeyboardInt+0x220>
 c000ec4:	e1a00000 	nop			; (mov r0, r0)
 c000ec8:	e59f3054 	ldr	r3, [pc, #84]	; c000f24 <KeyboardInt+0x27c>
 c000ecc:	e5933000 	ldr	r3, [r3]
 c000ed0:	e2033002 	and	r3, r3, #2
 c000ed4:	e3530000 	cmp	r3, #0
 c000ed8:	0afffffa 	beq	c000ec8 <KeyboardInt+0x220>
		//NOTHING
	}
	/* Esperar trd mediante la funcion Delay() */
	DelayMs(100);
 c000edc:	e3a00064 	mov	r0, #100	; 0x64
 c000ee0:	ebfffe56 	bl	c000840 <DelayMs>

	D8Led_init();
 c000ee4:	ebffff19 	bl	c000b50 <D8Led_init>
	/* Borrar interrupcin de teclado */
	rI_ISPC = rI_ISPC | BIT_EINT1;
 c000ee8:	e59f3038 	ldr	r3, [pc, #56]	; c000f28 <KeyboardInt+0x280>
 c000eec:	e59f2034 	ldr	r2, [pc, #52]	; c000f28 <KeyboardInt+0x280>
 c000ef0:	e5922000 	ldr	r2, [r2]
 c000ef4:	e3822401 	orr	r2, r2, #16777216	; 0x1000000
 c000ef8:	e5832000 	str	r2, [r3]
}
 c000efc:	e24bd01c 	sub	sp, fp, #28
 c000f00:	e8fd981f 	ldm	sp!, {r0, r1, r2, r3, r4, fp, ip, pc}^
 c000f04:	0c001788 	.word	0x0c001788
 c000f08:	0c001724 	.word	0x0c001724
 c000f0c:	0c001774 	.word	0x0c001774
 c000f10:	0c001780 	.word	0x0c001780
 c000f14:	0c001784 	.word	0x0c001784
 c000f18:	0c00177c 	.word	0x0c00177c
 c000f1c:	0c00178c 	.word	0x0c00178c
 c000f20:	0c001764 	.word	0x0c001764
 c000f24:	01d20044 	.word	0x01d20044
 c000f28:	01e00024 	.word	0x01e00024

0c000f2c <key_read>:

int key_read()
{
 c000f2c:	e52db004 	push	{fp}		; (str fp, [sp, #-4]!)
 c000f30:	e28db000 	add	fp, sp, #0
 c000f34:	e24dd00c 	sub	sp, sp, #12
	int value= -1;
 c000f38:	e3e03000 	mvn	r3, #0
 c000f3c:	e50b3008 	str	r3, [fp, #-8]
	// Identificar la tecla mediante ''scanning''
	// Si la identificacin falla la funcin debe devolver -1
	// Usamos KEY_VALUE_MASK para quedarnos con los 4 bits menos significativos

	// 1a fila
	temp = *(keyboard_base + 0xfd) & KEY_VALUE_MASK;
 c000f40:	e59f321c 	ldr	r3, [pc, #540]	; c001164 <key_read+0x238>
 c000f44:	e5933000 	ldr	r3, [r3]
 c000f48:	e28330fd 	add	r3, r3, #253	; 0xfd
 c000f4c:	e5d33000 	ldrb	r3, [r3]
 c000f50:	e20330ff 	and	r3, r3, #255	; 0xff
 c000f54:	e203300f 	and	r3, r3, #15
 c000f58:	e54b3009 	strb	r3, [fp, #-9]
	switch (temp) {
 c000f5c:	e55b3009 	ldrb	r3, [fp, #-9]
 c000f60:	e2433007 	sub	r3, r3, #7
 c000f64:	e3530007 	cmp	r3, #7
 c000f68:	979ff103 	ldrls	pc, [pc, r3, lsl #2]
 c000f6c:	ea000013 	b	c000fc0 <key_read+0x94>
 c000f70:	0c000f90 	.word	0x0c000f90
 c000f74:	0c000fc0 	.word	0x0c000fc0
 c000f78:	0c000fc0 	.word	0x0c000fc0
 c000f7c:	0c000fc0 	.word	0x0c000fc0
 c000f80:	0c000f9c 	.word	0x0c000f9c
 c000f84:	0c000fc0 	.word	0x0c000fc0
 c000f88:	0c000fa8 	.word	0x0c000fa8
 c000f8c:	0c000fb4 	.word	0x0c000fb4
		case 0x7:  value = 0; break;
 c000f90:	e3a03000 	mov	r3, #0
 c000f94:	e50b3008 	str	r3, [fp, #-8]
 c000f98:	ea000009 	b	c000fc4 <key_read+0x98>
		case 0xB:  value = 4; break;
 c000f9c:	e3a03004 	mov	r3, #4
 c000fa0:	e50b3008 	str	r3, [fp, #-8]
 c000fa4:	ea000006 	b	c000fc4 <key_read+0x98>
		case 0xD:  value = 8; break;
 c000fa8:	e3a03008 	mov	r3, #8
 c000fac:	e50b3008 	str	r3, [fp, #-8]
 c000fb0:	ea000003 	b	c000fc4 <key_read+0x98>
		case 0xE:  value = 12; break;
 c000fb4:	e3a0300c 	mov	r3, #12
 c000fb8:	e50b3008 	str	r3, [fp, #-8]
 c000fbc:	ea000000 	b	c000fc4 <key_read+0x98>
		default: break;
 c000fc0:	e1a00000 	nop			; (mov r0, r0)
	}

	// 2a fila
	temp = *(keyboard_base + 0xfb) & KEY_VALUE_MASK;
 c000fc4:	e59f3198 	ldr	r3, [pc, #408]	; c001164 <key_read+0x238>
 c000fc8:	e5933000 	ldr	r3, [r3]
 c000fcc:	e28330fb 	add	r3, r3, #251	; 0xfb
 c000fd0:	e5d33000 	ldrb	r3, [r3]
 c000fd4:	e20330ff 	and	r3, r3, #255	; 0xff
 c000fd8:	e203300f 	and	r3, r3, #15
 c000fdc:	e54b3009 	strb	r3, [fp, #-9]
	switch (temp) {
 c000fe0:	e55b3009 	ldrb	r3, [fp, #-9]
 c000fe4:	e2433007 	sub	r3, r3, #7
 c000fe8:	e3530007 	cmp	r3, #7
 c000fec:	979ff103 	ldrls	pc, [pc, r3, lsl #2]
 c000ff0:	ea000013 	b	c001044 <key_read+0x118>
 c000ff4:	0c001014 	.word	0x0c001014
 c000ff8:	0c001044 	.word	0x0c001044
 c000ffc:	0c001044 	.word	0x0c001044
 c001000:	0c001044 	.word	0x0c001044
 c001004:	0c001020 	.word	0x0c001020
 c001008:	0c001044 	.word	0x0c001044
 c00100c:	0c00102c 	.word	0x0c00102c
 c001010:	0c001038 	.word	0x0c001038
		case 0x7:  value = 1; break;
 c001014:	e3a03001 	mov	r3, #1
 c001018:	e50b3008 	str	r3, [fp, #-8]
 c00101c:	ea000009 	b	c001048 <key_read+0x11c>
		case 0xB:  value = 5; break;
 c001020:	e3a03005 	mov	r3, #5
 c001024:	e50b3008 	str	r3, [fp, #-8]
 c001028:	ea000006 	b	c001048 <key_read+0x11c>
		case 0xD:  value = 9; break;
 c00102c:	e3a03009 	mov	r3, #9
 c001030:	e50b3008 	str	r3, [fp, #-8]
 c001034:	ea000003 	b	c001048 <key_read+0x11c>
		case 0xE:  value = 13; break;
 c001038:	e3a0300d 	mov	r3, #13
 c00103c:	e50b3008 	str	r3, [fp, #-8]
 c001040:	ea000000 	b	c001048 <key_read+0x11c>
		default: break;
 c001044:	e1a00000 	nop			; (mov r0, r0)
	}

	// 3a fila
	temp = *(keyboard_base + 0xf7) & KEY_VALUE_MASK;
 c001048:	e59f3114 	ldr	r3, [pc, #276]	; c001164 <key_read+0x238>
 c00104c:	e5933000 	ldr	r3, [r3]
 c001050:	e28330f7 	add	r3, r3, #247	; 0xf7
 c001054:	e5d33000 	ldrb	r3, [r3]
 c001058:	e20330ff 	and	r3, r3, #255	; 0xff
 c00105c:	e203300f 	and	r3, r3, #15
 c001060:	e54b3009 	strb	r3, [fp, #-9]
	switch (temp) {
 c001064:	e55b3009 	ldrb	r3, [fp, #-9]
 c001068:	e2433007 	sub	r3, r3, #7
 c00106c:	e3530007 	cmp	r3, #7
 c001070:	979ff103 	ldrls	pc, [pc, r3, lsl #2]
 c001074:	ea000013 	b	c0010c8 <key_read+0x19c>
 c001078:	0c001098 	.word	0x0c001098
 c00107c:	0c0010c8 	.word	0x0c0010c8
 c001080:	0c0010c8 	.word	0x0c0010c8
 c001084:	0c0010c8 	.word	0x0c0010c8
 c001088:	0c0010a4 	.word	0x0c0010a4
 c00108c:	0c0010c8 	.word	0x0c0010c8
 c001090:	0c0010b0 	.word	0x0c0010b0
 c001094:	0c0010bc 	.word	0x0c0010bc
		case 0x7:  value = 2; break;
 c001098:	e3a03002 	mov	r3, #2
 c00109c:	e50b3008 	str	r3, [fp, #-8]
 c0010a0:	ea000009 	b	c0010cc <key_read+0x1a0>
		case 0xB:  value = 6; break;
 c0010a4:	e3a03006 	mov	r3, #6
 c0010a8:	e50b3008 	str	r3, [fp, #-8]
 c0010ac:	ea000006 	b	c0010cc <key_read+0x1a0>
		case 0xD:  value = 10; break;
 c0010b0:	e3a0300a 	mov	r3, #10
 c0010b4:	e50b3008 	str	r3, [fp, #-8]
 c0010b8:	ea000003 	b	c0010cc <key_read+0x1a0>
		case 0xE:  value = 14; break;
 c0010bc:	e3a0300e 	mov	r3, #14
 c0010c0:	e50b3008 	str	r3, [fp, #-8]
 c0010c4:	ea000000 	b	c0010cc <key_read+0x1a0>
		default: break;
 c0010c8:	e1a00000 	nop			; (mov r0, r0)
	}

	// 4a fila
	temp = *(keyboard_base + 0xef) & KEY_VALUE_MASK;
 c0010cc:	e59f3090 	ldr	r3, [pc, #144]	; c001164 <key_read+0x238>
 c0010d0:	e5933000 	ldr	r3, [r3]
 c0010d4:	e28330ef 	add	r3, r3, #239	; 0xef
 c0010d8:	e5d33000 	ldrb	r3, [r3]
 c0010dc:	e20330ff 	and	r3, r3, #255	; 0xff
 c0010e0:	e203300f 	and	r3, r3, #15
 c0010e4:	e54b3009 	strb	r3, [fp, #-9]
	switch (temp) {
 c0010e8:	e55b3009 	ldrb	r3, [fp, #-9]
 c0010ec:	e2433007 	sub	r3, r3, #7
 c0010f0:	e3530007 	cmp	r3, #7
 c0010f4:	979ff103 	ldrls	pc, [pc, r3, lsl #2]
 c0010f8:	ea000013 	b	c00114c <key_read+0x220>
 c0010fc:	0c00111c 	.word	0x0c00111c
 c001100:	0c00114c 	.word	0x0c00114c
 c001104:	0c00114c 	.word	0x0c00114c
 c001108:	0c00114c 	.word	0x0c00114c
 c00110c:	0c001128 	.word	0x0c001128
 c001110:	0c00114c 	.word	0x0c00114c
 c001114:	0c001134 	.word	0x0c001134
 c001118:	0c001140 	.word	0x0c001140
		case 0x7:  value = 3; break;
 c00111c:	e3a03003 	mov	r3, #3
 c001120:	e50b3008 	str	r3, [fp, #-8]
 c001124:	ea000009 	b	c001150 <key_read+0x224>
		case 0xB:  value = 7; break;
 c001128:	e3a03007 	mov	r3, #7
 c00112c:	e50b3008 	str	r3, [fp, #-8]
 c001130:	ea000006 	b	c001150 <key_read+0x224>
		case 0xD:  value = 11; break;
 c001134:	e3a0300b 	mov	r3, #11
 c001138:	e50b3008 	str	r3, [fp, #-8]
 c00113c:	ea000003 	b	c001150 <key_read+0x224>
		case 0xE:  value = 15; break;
 c001140:	e3a0300f 	mov	r3, #15
 c001144:	e50b3008 	str	r3, [fp, #-8]
 c001148:	ea000000 	b	c001150 <key_read+0x224>
		default: break;
 c00114c:	e1a00000 	nop			; (mov r0, r0)
	}

	return value;
 c001150:	e51b3008 	ldr	r3, [fp, #-8]
}
 c001154:	e1a00003 	mov	r0, r3
 c001158:	e28bd000 	add	sp, fp, #0
 c00115c:	e49db004 	pop	{fp}		; (ldr fp, [sp], #4)
 c001160:	e12fff1e 	bx	lr
 c001164:	0c001720 	.word	0x0c001720

0c001168 <next_digit>:

void next_digit(){
 c001168:	e92d4800 	push	{fp, lr}
 c00116c:	e28db004 	add	fp, sp, #4
	if(state == 3){
 c001170:	e59f30a8 	ldr	r3, [pc, #168]	; c001220 <next_digit+0xb8>
 c001174:	e5933000 	ldr	r3, [r3]
 c001178:	e3530003 	cmp	r3, #3
 c00117c:	1a000024 	bne	c001214 <next_digit+0xac>
		displayNumber = result % 10;
 c001180:	e59f309c 	ldr	r3, [pc, #156]	; c001224 <next_digit+0xbc>
 c001184:	e5931000 	ldr	r1, [r3]
 c001188:	e59f3098 	ldr	r3, [pc, #152]	; c001228 <next_digit+0xc0>
 c00118c:	e0c32391 	smull	r2, r3, r1, r3
 c001190:	e1a02143 	asr	r2, r3, #2
 c001194:	e1a03fc1 	asr	r3, r1, #31
 c001198:	e0632002 	rsb	r2, r3, r2
 c00119c:	e1a03002 	mov	r3, r2
 c0011a0:	e1a03103 	lsl	r3, r3, #2
 c0011a4:	e0833002 	add	r3, r3, r2
 c0011a8:	e1a03083 	lsl	r3, r3, #1
 c0011ac:	e0632001 	rsb	r2, r3, r1
 c0011b0:	e59f3074 	ldr	r3, [pc, #116]	; c00122c <next_digit+0xc4>
 c0011b4:	e5832000 	str	r2, [r3]
		D8Led_symbol(displayNumber);
 c0011b8:	e59f306c 	ldr	r3, [pc, #108]	; c00122c <next_digit+0xc4>
 c0011bc:	e5933000 	ldr	r3, [r3]
 c0011c0:	e1a00003 	mov	r0, r3
 c0011c4:	ebfffe69 	bl	c000b70 <D8Led_symbol>
		result = (result - displayNumber) / 10;
 c0011c8:	e59f3054 	ldr	r3, [pc, #84]	; c001224 <next_digit+0xbc>
 c0011cc:	e5932000 	ldr	r2, [r3]
 c0011d0:	e59f3054 	ldr	r3, [pc, #84]	; c00122c <next_digit+0xc4>
 c0011d4:	e5933000 	ldr	r3, [r3]
 c0011d8:	e0633002 	rsb	r3, r3, r2
 c0011dc:	e59f2044 	ldr	r2, [pc, #68]	; c001228 <next_digit+0xc0>
 c0011e0:	e0c21293 	smull	r1, r2, r3, r2
 c0011e4:	e1a02142 	asr	r2, r2, #2
 c0011e8:	e1a03fc3 	asr	r3, r3, #31
 c0011ec:	e0632002 	rsb	r2, r3, r2
 c0011f0:	e59f302c 	ldr	r3, [pc, #44]	; c001224 <next_digit+0xbc>
 c0011f4:	e5832000 	str	r2, [r3]
		if (result == 0){
 c0011f8:	e59f3024 	ldr	r3, [pc, #36]	; c001224 <next_digit+0xbc>
 c0011fc:	e5933000 	ldr	r3, [r3]
 c001200:	e3530000 	cmp	r3, #0
 c001204:	1a000002 	bne	c001214 <next_digit+0xac>
			state = 1;
 c001208:	e59f3010 	ldr	r3, [pc, #16]	; c001220 <next_digit+0xb8>
 c00120c:	e3a02001 	mov	r2, #1
 c001210:	e5832000 	str	r2, [r3]
		}
	}
}
 c001214:	e24bd004 	sub	sp, fp, #4
 c001218:	e8bd4800 	pop	{fp, lr}
 c00121c:	e12fff1e 	bx	lr
 c001220:	0c001764 	.word	0x0c001764
 c001224:	0c00178c 	.word	0x0c00178c
 c001228:	66666667 	.word	0x66666667
 c00122c:	0c001778 	.word	0x0c001778

0c001230 <leds_on>:
void led2_off(); // LED 2 apagado
void leds_switch(); // invierte el valor de los LEDs
void Led_Display(int LedStatus); // control directo del LED
/*--- codigo de las funciones ---*/
void leds_on()
{
 c001230:	e92d4800 	push	{fp, lr}
 c001234:	e28db004 	add	fp, sp, #4
	Led_Display(0x3);
 c001238:	e3a00003 	mov	r0, #3
 c00123c:	eb000054 	bl	c001394 <Led_Display>
}
 c001240:	e24bd004 	sub	sp, fp, #4
 c001244:	e8bd4800 	pop	{fp, lr}
 c001248:	e12fff1e 	bx	lr

0c00124c <leds_off>:
void leds_off()
{
 c00124c:	e92d4800 	push	{fp, lr}
 c001250:	e28db004 	add	fp, sp, #4
	Led_Display(0x0);
 c001254:	e3a00000 	mov	r0, #0
 c001258:	eb00004d 	bl	c001394 <Led_Display>
}
 c00125c:	e24bd004 	sub	sp, fp, #4
 c001260:	e8bd4800 	pop	{fp, lr}
 c001264:	e12fff1e 	bx	lr

0c001268 <led1_on>:
void led1_on()
{
 c001268:	e92d4800 	push	{fp, lr}
 c00126c:	e28db004 	add	fp, sp, #4
	led_state = led_state | 0x1;
 c001270:	e59f3028 	ldr	r3, [pc, #40]	; c0012a0 <led1_on+0x38>
 c001274:	e5933000 	ldr	r3, [r3]
 c001278:	e3832001 	orr	r2, r3, #1
 c00127c:	e59f301c 	ldr	r3, [pc, #28]	; c0012a0 <led1_on+0x38>
 c001280:	e5832000 	str	r2, [r3]
	Led_Display(led_state);
 c001284:	e59f3014 	ldr	r3, [pc, #20]	; c0012a0 <led1_on+0x38>
 c001288:	e5933000 	ldr	r3, [r3]
 c00128c:	e1a00003 	mov	r0, r3
 c001290:	eb00003f 	bl	c001394 <Led_Display>
}
 c001294:	e24bd004 	sub	sp, fp, #4
 c001298:	e8bd4800 	pop	{fp, lr}
 c00129c:	e12fff1e 	bx	lr
 c0012a0:	0c001790 	.word	0x0c001790

0c0012a4 <led1_off>:
void led1_off()
{
 c0012a4:	e92d4800 	push	{fp, lr}
 c0012a8:	e28db004 	add	fp, sp, #4
	led_state = led_state & 0xfe;
 c0012ac:	e59f3028 	ldr	r3, [pc, #40]	; c0012dc <led1_off+0x38>
 c0012b0:	e5933000 	ldr	r3, [r3]
 c0012b4:	e20320fe 	and	r2, r3, #254	; 0xfe
 c0012b8:	e59f301c 	ldr	r3, [pc, #28]	; c0012dc <led1_off+0x38>
 c0012bc:	e5832000 	str	r2, [r3]
	Led_Display(led_state);
 c0012c0:	e59f3014 	ldr	r3, [pc, #20]	; c0012dc <led1_off+0x38>
 c0012c4:	e5933000 	ldr	r3, [r3]
 c0012c8:	e1a00003 	mov	r0, r3
 c0012cc:	eb000030 	bl	c001394 <Led_Display>
}
 c0012d0:	e24bd004 	sub	sp, fp, #4
 c0012d4:	e8bd4800 	pop	{fp, lr}
 c0012d8:	e12fff1e 	bx	lr
 c0012dc:	0c001790 	.word	0x0c001790

0c0012e0 <led2_on>:
void led2_on()
{
 c0012e0:	e92d4800 	push	{fp, lr}
 c0012e4:	e28db004 	add	fp, sp, #4
	led_state = led_state | 0x2;
 c0012e8:	e59f3028 	ldr	r3, [pc, #40]	; c001318 <led2_on+0x38>
 c0012ec:	e5933000 	ldr	r3, [r3]
 c0012f0:	e3832002 	orr	r2, r3, #2
 c0012f4:	e59f301c 	ldr	r3, [pc, #28]	; c001318 <led2_on+0x38>
 c0012f8:	e5832000 	str	r2, [r3]
	Led_Display(led_state);
 c0012fc:	e59f3014 	ldr	r3, [pc, #20]	; c001318 <led2_on+0x38>
 c001300:	e5933000 	ldr	r3, [r3]
 c001304:	e1a00003 	mov	r0, r3
 c001308:	eb000021 	bl	c001394 <Led_Display>
}
 c00130c:	e24bd004 	sub	sp, fp, #4
 c001310:	e8bd4800 	pop	{fp, lr}
 c001314:	e12fff1e 	bx	lr
 c001318:	0c001790 	.word	0x0c001790

0c00131c <led2_off>:
void led2_off()
{
 c00131c:	e92d4800 	push	{fp, lr}
 c001320:	e28db004 	add	fp, sp, #4
	led_state = led_state & 0xfd;
 c001324:	e59f3028 	ldr	r3, [pc, #40]	; c001354 <led2_off+0x38>
 c001328:	e5933000 	ldr	r3, [r3]
 c00132c:	e20320fd 	and	r2, r3, #253	; 0xfd
 c001330:	e59f301c 	ldr	r3, [pc, #28]	; c001354 <led2_off+0x38>
 c001334:	e5832000 	str	r2, [r3]
	Led_Display(led_state);
 c001338:	e59f3014 	ldr	r3, [pc, #20]	; c001354 <led2_off+0x38>
 c00133c:	e5933000 	ldr	r3, [r3]
 c001340:	e1a00003 	mov	r0, r3
 c001344:	eb000012 	bl	c001394 <Led_Display>
}
 c001348:	e24bd004 	sub	sp, fp, #4
 c00134c:	e8bd4800 	pop	{fp, lr}
 c001350:	e12fff1e 	bx	lr
 c001354:	0c001790 	.word	0x0c001790

0c001358 <leds_switch>:
void leds_switch ()
{
 c001358:	e92d4800 	push	{fp, lr}
 c00135c:	e28db004 	add	fp, sp, #4
	led_state ^= 0x03;
 c001360:	e59f3028 	ldr	r3, [pc, #40]	; c001390 <leds_switch+0x38>
 c001364:	e5933000 	ldr	r3, [r3]
 c001368:	e2232003 	eor	r2, r3, #3
 c00136c:	e59f301c 	ldr	r3, [pc, #28]	; c001390 <leds_switch+0x38>
 c001370:	e5832000 	str	r2, [r3]
	Led_Display(led_state);
 c001374:	e59f3014 	ldr	r3, [pc, #20]	; c001390 <leds_switch+0x38>
 c001378:	e5933000 	ldr	r3, [r3]
 c00137c:	e1a00003 	mov	r0, r3
 c001380:	eb000003 	bl	c001394 <Led_Display>
}
 c001384:	e24bd004 	sub	sp, fp, #4
 c001388:	e8bd4800 	pop	{fp, lr}
 c00138c:	e12fff1e 	bx	lr
 c001390:	0c001790 	.word	0x0c001790

0c001394 <Led_Display>:
void Led_Display(int LedStatus)
{
 c001394:	e52db004 	push	{fp}		; (str fp, [sp, #-4]!)
 c001398:	e28db000 	add	fp, sp, #0
 c00139c:	e24dd00c 	sub	sp, sp, #12
 c0013a0:	e50b0008 	str	r0, [fp, #-8]
	led_state = LedStatus;
 c0013a4:	e59f308c 	ldr	r3, [pc, #140]	; c001438 <Led_Display+0xa4>
 c0013a8:	e51b2008 	ldr	r2, [fp, #-8]
 c0013ac:	e5832000 	str	r2, [r3]
	if ((LedStatus&0x01) == 0x01)	
 c0013b0:	e51b3008 	ldr	r3, [fp, #-8]
 c0013b4:	e2033001 	and	r3, r3, #1
 c0013b8:	e20330ff 	and	r3, r3, #255	; 0xff
 c0013bc:	e3530000 	cmp	r3, #0
 c0013c0:	0a000005 	beq	c0013dc <Led_Display+0x48>
		rPDATB=rPDATB & ~(0x01<<9)
 c0013c4:	e59f3070 	ldr	r3, [pc, #112]	; c00143c <Led_Display+0xa8>
 c0013c8:	e59f206c 	ldr	r2, [pc, #108]	; c00143c <Led_Display+0xa8>
 c0013cc:	e5922000 	ldr	r2, [r2]
 c0013d0:	e3c22c02 	bic	r2, r2, #512	; 0x200
 c0013d4:	e5832000 	str	r2, [r3]
 c0013d8:	ea000004 	b	c0013f0 <Led_Display+0x5c>
	;// poner a 0 el bit 9 del registro de datos del puerto B
	else
		rPDATB=rPDATB |(0x01<<9)
 c0013dc:	e59f3058 	ldr	r3, [pc, #88]	; c00143c <Led_Display+0xa8>
 c0013e0:	e59f2054 	ldr	r2, [pc, #84]	; c00143c <Led_Display+0xa8>
 c0013e4:	e5922000 	ldr	r2, [r2]
 c0013e8:	e3822c02 	orr	r2, r2, #512	; 0x200
 c0013ec:	e5832000 	str	r2, [r3]
	;// poner a 1 el bit 9 del registro de datos del puerto B
	if ((LedStatus&0x02) == 0x02)
 c0013f0:	e51b3008 	ldr	r3, [fp, #-8]
 c0013f4:	e2033002 	and	r3, r3, #2
 c0013f8:	e3530000 	cmp	r3, #0
 c0013fc:	0a000005 	beq	c001418 <Led_Display+0x84>
		rPDATB=rPDATB & ~(0x01<<10)
 c001400:	e59f3034 	ldr	r3, [pc, #52]	; c00143c <Led_Display+0xa8>
 c001404:	e59f2030 	ldr	r2, [pc, #48]	; c00143c <Led_Display+0xa8>
 c001408:	e5922000 	ldr	r2, [r2]
 c00140c:	e3c22b01 	bic	r2, r2, #1024	; 0x400
 c001410:	e5832000 	str	r2, [r3]
 c001414:	ea000004 	b	c00142c <Led_Display+0x98>
	;// poner a 0 el bit 10 del registro de datos del puerto B
	else
		rPDATB=rPDATB |(0x01<<10)
 c001418:	e59f301c 	ldr	r3, [pc, #28]	; c00143c <Led_Display+0xa8>
 c00141c:	e59f2018 	ldr	r2, [pc, #24]	; c00143c <Led_Display+0xa8>
 c001420:	e5922000 	ldr	r2, [r2]
 c001424:	e3822b01 	orr	r2, r2, #1024	; 0x400
 c001428:	e5832000 	str	r2, [r3]
	;// poner a 1 el bit 10 del registro de datos del puerto B
 c00142c:	e28bd000 	add	sp, fp, #0
 c001430:	e49db004 	pop	{fp}		; (ldr fp, [sp], #4)
 c001434:	e12fff1e 	bx	lr
 c001438:	0c001790 	.word	0x0c001790
 c00143c:	01d2000c 	.word	0x01d2000c

0c001440 <Main>:

/*--- declaracion de funciones ---*/
void Main(void);

/*--- codigo de funciones ---*/
void Main(void){
 c001440:	e92d4800 	push	{fp, lr}
 c001444:	e28db004 	add	fp, sp, #4

	/* Inicializar controladores */
	sys_init(); 		// Inicializacion de la placa, interrupciones y puertos
 c001448:	ebfffda9 	bl	c000af4 <sys_init>
	timer_init();		// Inicializacion del temporizador
 c00144c:	eb000003 	bl	c001460 <timer_init>
	keyboard_init();	// Inicializacin del teclado matricial
 c001450:	ebfffddb 	bl	c000bc4 <keyboard_init>

	/* Establecer valor inicial de los LEDs */
	leds_off();
 c001454:	ebffff7c 	bl	c00124c <leds_off>
	led1_on();
 c001458:	ebffff82 	bl	c001268 <led1_on>
	while (1); // espera
 c00145c:	eafffffe 	b	c00145c <Main+0x1c>

0c001460 <timer_init>:
void timer_ISR(void) __attribute__ ((interrupt ("IRQ")));
void timer_init(void);
/*--- codigo de las funciones ---*/

void timer_init(void)
{
 c001460:	e52db004 	push	{fp}		; (str fp, [sp, #-4]!)
 c001464:	e28db000 	add	fp, sp, #0
	/* Configuracion del controlador de interrupciones */	
	rINTMOD=0x0;// Configurar las lineas como de tipo IRQ	
 c001468:	e59f30c0 	ldr	r3, [pc, #192]	; c001530 <timer_init+0xd0>
 c00146c:	e3a02000 	mov	r2, #0
 c001470:	e5832000 	str	r2, [r3]
	rINTCON=0x1;// Habilitar int. vectorizadas y la linea IRQ (FIQ no)	
 c001474:	e3a0361e 	mov	r3, #31457280	; 0x1e00000
 c001478:	e3a02001 	mov	r2, #1
 c00147c:	e5832000 	str	r2, [r3]
	rINTMSK = rINTMSK & ~(BIT_TIMER0 | BIT_GLOBAL);// Enmascarar todas las lineas excepto Timer0 y el bit global
 c001480:	e59f20ac 	ldr	r2, [pc, #172]	; c001534 <timer_init+0xd4>
 c001484:	e59f30a8 	ldr	r3, [pc, #168]	; c001534 <timer_init+0xd4>
 c001488:	e5933000 	ldr	r3, [r3]
 c00148c:	e3c33301 	bic	r3, r3, #67108864	; 0x4000000
 c001490:	e3c33a02 	bic	r3, r3, #8192	; 0x2000
 c001494:	e5823000 	str	r3, [r2]
	/* Establece la rutina de servicio para TIMER0 */
	pISR_TIMER0=(unsigned)timer_ISR;
 c001498:	e59f3098 	ldr	r3, [pc, #152]	; c001538 <timer_init+0xd8>
 c00149c:	e59f2098 	ldr	r2, [pc, #152]	; c00153c <timer_init+0xdc>
 c0014a0:	e5832000 	str	r2, [r3]
	/* Configurar el Timer0 (el resto de los timers se dejan a la
	configuracin por defecto) */
	rTCFG0=0xFF;// pre-escalado = 255
 c0014a4:	e59f3094 	ldr	r3, [pc, #148]	; c001540 <timer_init+0xe0>
 c0014a8:	e3a020ff 	mov	r2, #255	; 0xff
 c0014ac:	e5832000 	str	r2, [r3]
	rTCFG1 = 0x0;//0xFFFFF0;// divisor = 1/2
 c0014b0:	e59f308c 	ldr	r3, [pc, #140]	; c001544 <timer_init+0xe4>
 c0014b4:	e3a02000 	mov	r2, #0
 c0014b8:	e5832000 	str	r2, [r3]
	rTCNTB0=65535;
 c0014bc:	e59f3084 	ldr	r3, [pc, #132]	; c001548 <timer_init+0xe8>
 c0014c0:	e59f2084 	ldr	r2, [pc, #132]	; c00154c <timer_init+0xec>
 c0014c4:	e5832000 	str	r2, [r3]
	rTCMPB0=12800;
 c0014c8:	e59f3080 	ldr	r3, [pc, #128]	; c001550 <timer_init+0xf0>
 c0014cc:	e3a02c32 	mov	r2, #12800	; 0x3200
 c0014d0:	e5832000 	str	r2, [r3]
	
	rTCON=rTCON| (0x01<<1);// establecer manual_update
 c0014d4:	e59f3078 	ldr	r3, [pc, #120]	; c001554 <timer_init+0xf4>
 c0014d8:	e59f2074 	ldr	r2, [pc, #116]	; c001554 <timer_init+0xf4>
 c0014dc:	e5922000 	ldr	r2, [r2]
 c0014e0:	e3822002 	orr	r2, r2, #2
 c0014e4:	e5832000 	str	r2, [r3]
	rTCON=rTCON & ~(0x01<<1);// DESACTIVA manual_update
 c0014e8:	e59f3064 	ldr	r3, [pc, #100]	; c001554 <timer_init+0xf4>
 c0014ec:	e59f2060 	ldr	r2, [pc, #96]	; c001554 <timer_init+0xf4>
 c0014f0:	e5922000 	ldr	r2, [r2]
 c0014f4:	e3c22002 	bic	r2, r2, #2
 c0014f8:	e5832000 	str	r2, [r3]
	rTCON=rTCON|(0x01<<3);//activar modo auto-reload
 c0014fc:	e59f3050 	ldr	r3, [pc, #80]	; c001554 <timer_init+0xf4>
 c001500:	e59f204c 	ldr	r2, [pc, #76]	; c001554 <timer_init+0xf4>
 c001504:	e5922000 	ldr	r2, [r2]
 c001508:	e3822008 	orr	r2, r2, #8
 c00150c:	e5832000 	str	r2, [r3]
	rTCON=rTCON|(0x01<<0);// iniciar timer
 c001510:	e59f303c 	ldr	r3, [pc, #60]	; c001554 <timer_init+0xf4>
 c001514:	e59f2038 	ldr	r2, [pc, #56]	; c001554 <timer_init+0xf4>
 c001518:	e5922000 	ldr	r2, [r2]
 c00151c:	e3822001 	orr	r2, r2, #1
 c001520:	e5832000 	str	r2, [r3]
}
 c001524:	e28bd000 	add	sp, fp, #0
 c001528:	e49db004 	pop	{fp}		; (ldr fp, [sp], #4)
 c00152c:	e12fff1e 	bx	lr
 c001530:	01e00008 	.word	0x01e00008
 c001534:	01e0000c 	.word	0x01e0000c
 c001538:	0c7fff54 	.word	0x0c7fff54
 c00153c:	0c001558 	.word	0x0c001558
 c001540:	01d50000 	.word	0x01d50000
 c001544:	01d50004 	.word	0x01d50004
 c001548:	01d5000c 	.word	0x01d5000c
 c00154c:	0000ffff 	.word	0x0000ffff
 c001550:	01d50010 	.word	0x01d50010
 c001554:	01d50008 	.word	0x01d50008

0c001558 <timer_ISR>:

void timer_ISR(void){
 c001558:	e24ee004 	sub	lr, lr, #4
 c00155c:	e92d581f 	push	{r0, r1, r2, r3, r4, fp, ip, lr}
 c001560:	e28db01c 	add	fp, sp, #28
	next_digit();
 c001564:	ebfffeff 	bl	c001168 <next_digit>
	rI_ISPC = BIT_TIMER0;
 c001568:	e59f300c 	ldr	r3, [pc, #12]	; c00157c <timer_ISR+0x24>
 c00156c:	e3a02a02 	mov	r2, #8192	; 0x2000
 c001570:	e5832000 	str	r2, [r3]
}
 c001574:	e24bd01c 	sub	sp, fp, #28
 c001578:	e8fd981f 	ldm	sp!, {r0, r1, r2, r3, r4, fp, ip, pc}^
 c00157c:	01e00024 	.word	0x01e00024

0c001580 <__aeabi_idiv>:
 c001580:	e3510000 	cmp	r1, #0
 c001584:	0a000043 	beq	c001698 <.divsi3_skip_div0_test+0x110>

0c001588 <.divsi3_skip_div0_test>:
 c001588:	e020c001 	eor	ip, r0, r1
 c00158c:	42611000 	rsbmi	r1, r1, #0
 c001590:	e2512001 	subs	r2, r1, #1
 c001594:	0a000027 	beq	c001638 <.divsi3_skip_div0_test+0xb0>
 c001598:	e1b03000 	movs	r3, r0
 c00159c:	42603000 	rsbmi	r3, r0, #0
 c0015a0:	e1530001 	cmp	r3, r1
 c0015a4:	9a000026 	bls	c001644 <.divsi3_skip_div0_test+0xbc>
 c0015a8:	e1110002 	tst	r1, r2
 c0015ac:	0a000028 	beq	c001654 <.divsi3_skip_div0_test+0xcc>
 c0015b0:	e311020e 	tst	r1, #-536870912	; 0xe0000000
 c0015b4:	01a01181 	lsleq	r1, r1, #3
 c0015b8:	03a02008 	moveq	r2, #8
 c0015bc:	13a02001 	movne	r2, #1
 c0015c0:	e3510201 	cmp	r1, #268435456	; 0x10000000
 c0015c4:	31510003 	cmpcc	r1, r3
 c0015c8:	31a01201 	lslcc	r1, r1, #4
 c0015cc:	31a02202 	lslcc	r2, r2, #4
 c0015d0:	3afffffa 	bcc	c0015c0 <.divsi3_skip_div0_test+0x38>
 c0015d4:	e3510102 	cmp	r1, #-2147483648	; 0x80000000
 c0015d8:	31510003 	cmpcc	r1, r3
 c0015dc:	31a01081 	lslcc	r1, r1, #1
 c0015e0:	31a02082 	lslcc	r2, r2, #1
 c0015e4:	3afffffa 	bcc	c0015d4 <.divsi3_skip_div0_test+0x4c>
 c0015e8:	e3a00000 	mov	r0, #0
 c0015ec:	e1530001 	cmp	r3, r1
 c0015f0:	20433001 	subcs	r3, r3, r1
 c0015f4:	21800002 	orrcs	r0, r0, r2
 c0015f8:	e15300a1 	cmp	r3, r1, lsr #1
 c0015fc:	204330a1 	subcs	r3, r3, r1, lsr #1
 c001600:	218000a2 	orrcs	r0, r0, r2, lsr #1
 c001604:	e1530121 	cmp	r3, r1, lsr #2
 c001608:	20433121 	subcs	r3, r3, r1, lsr #2
 c00160c:	21800122 	orrcs	r0, r0, r2, lsr #2
 c001610:	e15301a1 	cmp	r3, r1, lsr #3
 c001614:	204331a1 	subcs	r3, r3, r1, lsr #3
 c001618:	218001a2 	orrcs	r0, r0, r2, lsr #3
 c00161c:	e3530000 	cmp	r3, #0
 c001620:	11b02222 	lsrsne	r2, r2, #4
 c001624:	11a01221 	lsrne	r1, r1, #4
 c001628:	1affffef 	bne	c0015ec <.divsi3_skip_div0_test+0x64>
 c00162c:	e35c0000 	cmp	ip, #0
 c001630:	42600000 	rsbmi	r0, r0, #0
 c001634:	e12fff1e 	bx	lr
 c001638:	e13c0000 	teq	ip, r0
 c00163c:	42600000 	rsbmi	r0, r0, #0
 c001640:	e12fff1e 	bx	lr
 c001644:	33a00000 	movcc	r0, #0
 c001648:	01a00fcc 	asreq	r0, ip, #31
 c00164c:	03800001 	orreq	r0, r0, #1
 c001650:	e12fff1e 	bx	lr
 c001654:	e3510801 	cmp	r1, #65536	; 0x10000
 c001658:	21a01821 	lsrcs	r1, r1, #16
 c00165c:	23a02010 	movcs	r2, #16
 c001660:	33a02000 	movcc	r2, #0
 c001664:	e3510c01 	cmp	r1, #256	; 0x100
 c001668:	21a01421 	lsrcs	r1, r1, #8
 c00166c:	22822008 	addcs	r2, r2, #8
 c001670:	e3510010 	cmp	r1, #16
 c001674:	21a01221 	lsrcs	r1, r1, #4
 c001678:	22822004 	addcs	r2, r2, #4
 c00167c:	e3510004 	cmp	r1, #4
 c001680:	82822003 	addhi	r2, r2, #3
 c001684:	908220a1 	addls	r2, r2, r1, lsr #1
 c001688:	e35c0000 	cmp	ip, #0
 c00168c:	e1a00233 	lsr	r0, r3, r2
 c001690:	42600000 	rsbmi	r0, r0, #0
 c001694:	e12fff1e 	bx	lr
 c001698:	e3500000 	cmp	r0, #0
 c00169c:	c3e00102 	mvngt	r0, #-2147483648	; 0x80000000
 c0016a0:	b3a00102 	movlt	r0, #-2147483648	; 0x80000000
 c0016a4:	ea000007 	b	c0016c8 <__aeabi_idiv0>

0c0016a8 <__aeabi_idivmod>:
 c0016a8:	e3510000 	cmp	r1, #0
 c0016ac:	0afffff9 	beq	c001698 <.divsi3_skip_div0_test+0x110>
 c0016b0:	e92d4003 	push	{r0, r1, lr}
 c0016b4:	ebffffb3 	bl	c001588 <.divsi3_skip_div0_test>
 c0016b8:	e8bd4006 	pop	{r1, r2, lr}
 c0016bc:	e0030092 	mul	r3, r2, r0
 c0016c0:	e0411003 	sub	r1, r1, r3
 c0016c4:	e12fff1e 	bx	lr

0c0016c8 <__aeabi_idiv0>:
 c0016c8:	e12fff1e 	bx	lr
